ARM GAS  /var/folders/b1/22c950295gx2kqj80tvj8wqc0000gn/T//cc4Y8TAR.s 			page 1


   1              		.cpu cortex-m4
   2              		.arch armv7e-m
   3              		.fpu fpv4-sp-d16
   4              		.eabi_attribute 27, 1
   5              		.eabi_attribute 28, 1
   6              		.eabi_attribute 20, 1
   7              		.eabi_attribute 21, 1
   8              		.eabi_attribute 23, 3
   9              		.eabi_attribute 24, 1
  10              		.eabi_attribute 25, 1
  11              		.eabi_attribute 26, 1
  12              		.eabi_attribute 30, 2
  13              		.eabi_attribute 34, 1
  14              		.eabi_attribute 18, 4
  15              		.file	"edcmain.c"
  16              		.text
  17              	.Ltext0:
  18              		.cfi_sections	.debug_frame
  19              		.section	.text.edcmain,"ax",%progbits
  20              		.align	1
  21              		.p2align 2,,3
  22              		.global	edcmain
  23              		.syntax unified
  24              		.thumb
  25              		.thumb_func
  27              	edcmain:
  28              	.LFB0:
  29              		.file 1 "Src/edc/edcmain.c"
   1:Src/edc/edcmain.c **** #include "edcmain.h"
   2:Src/edc/edcmain.c **** 
   3:Src/edc/edcmain.c **** void edcmain() {
  30              		.loc 1 3 16 view -0
  31              		.cfi_startproc
  32              		@ Volatile: function does not return.
  33              		@ args = 0, pretend = 0, frame = 0
  34              		@ frame_needed = 0, uses_anonymous_args = 0
  35              		@ link register save eliminated.
  36              	.L2:
   4:Src/edc/edcmain.c **** 
   5:Src/edc/edcmain.c ****     while (1);
  37              		.loc 1 5 5 discriminator 1 view .LVU1
  38              		.loc 1 5 11 discriminator 1 view .LVU2
  39 0000 FEE7     		b	.L2
  40              		.cfi_endproc
  41              	.LFE0:
  43 0002 00BF     		.text
  44              	.Letext0:
ARM GAS  /var/folders/b1/22c950295gx2kqj80tvj8wqc0000gn/T//cc4Y8TAR.s 			page 2


DEFINED SYMBOLS
                            *ABS*:0000000000000000 edcmain.c
/var/folders/b1/22c950295gx2kqj80tvj8wqc0000gn/T//cc4Y8TAR.s:20     .text.edcmain:0000000000000000 $t
/var/folders/b1/22c950295gx2kqj80tvj8wqc0000gn/T//cc4Y8TAR.s:27     .text.edcmain:0000000000000000 edcmain

NO UNDEFINED SYMBOLS
