ARM GAS  /var/folders/b1/22c950295gx2kqj80tvj8wqc0000gn/T//ccefJRmo.s 			page 1


   1              		.cpu cortex-m4
   2              		.arch armv7e-m
   3              		.fpu fpv4-sp-d16
   4              		.eabi_attribute 27, 1
   5              		.eabi_attribute 28, 1
   6              		.eabi_attribute 20, 1
   7              		.eabi_attribute 21, 1
   8              		.eabi_attribute 23, 3
   9              		.eabi_attribute 24, 1
  10              		.eabi_attribute 25, 1
  11              		.eabi_attribute 26, 1
  12              		.eabi_attribute 30, 2
  13              		.eabi_attribute 34, 1
  14              		.eabi_attribute 18, 4
  15              		.file	"stm32f3xx_it.c"
  16              		.text
  17              	.Ltext0:
  18              		.cfi_sections	.debug_frame
  19              		.section	.text.SVC_Handler,"ax",%progbits
  20              		.align	1
  21              		.p2align 2,,3
  22              		.global	SVC_Handler
  23              		.syntax unified
  24              		.thumb
  25              		.thumb_func
  27              	SVC_Handler:
  28              	.LFB1124:
  29              		.file 1 "Src/stm32f3xx_it.c"
   1:Src/stm32f3xx_it.c **** /* USER CODE BEGIN Header */
   2:Src/stm32f3xx_it.c **** /**
   3:Src/stm32f3xx_it.c ****   ******************************************************************************
   4:Src/stm32f3xx_it.c ****   * @file    stm32f3xx_it.c
   5:Src/stm32f3xx_it.c ****   * @brief   Interrupt Service Routines.
   6:Src/stm32f3xx_it.c ****   ******************************************************************************
   7:Src/stm32f3xx_it.c ****   * @attention
   8:Src/stm32f3xx_it.c ****   *
   9:Src/stm32f3xx_it.c ****   * Copyright (c) 2022 STMicroelectronics.
  10:Src/stm32f3xx_it.c ****   * All rights reserved.
  11:Src/stm32f3xx_it.c ****   *
  12:Src/stm32f3xx_it.c ****   * This software is licensed under terms that can be found in the LICENSE file
  13:Src/stm32f3xx_it.c ****   * in the root directory of this software component.
  14:Src/stm32f3xx_it.c ****   * If no LICENSE file comes with this software, it is provided AS-IS.
  15:Src/stm32f3xx_it.c ****   *
  16:Src/stm32f3xx_it.c ****   ******************************************************************************
  17:Src/stm32f3xx_it.c ****   */
  18:Src/stm32f3xx_it.c **** /* USER CODE END Header */
  19:Src/stm32f3xx_it.c **** 
  20:Src/stm32f3xx_it.c **** /* Includes ------------------------------------------------------------------*/
  21:Src/stm32f3xx_it.c **** #include "main.h"
  22:Src/stm32f3xx_it.c **** #include "stm32f3xx_it.h"
  23:Src/stm32f3xx_it.c **** /* Private includes ----------------------------------------------------------*/
  24:Src/stm32f3xx_it.c **** /* USER CODE BEGIN Includes */
  25:Src/stm32f3xx_it.c **** /* USER CODE END Includes */
  26:Src/stm32f3xx_it.c **** 
  27:Src/stm32f3xx_it.c **** /* Private typedef -----------------------------------------------------------*/
  28:Src/stm32f3xx_it.c **** /* USER CODE BEGIN TD */
  29:Src/stm32f3xx_it.c **** 
ARM GAS  /var/folders/b1/22c950295gx2kqj80tvj8wqc0000gn/T//ccefJRmo.s 			page 2


  30:Src/stm32f3xx_it.c **** /* USER CODE END TD */
  31:Src/stm32f3xx_it.c **** 
  32:Src/stm32f3xx_it.c **** /* Private define ------------------------------------------------------------*/
  33:Src/stm32f3xx_it.c **** /* USER CODE BEGIN PD */
  34:Src/stm32f3xx_it.c **** 
  35:Src/stm32f3xx_it.c **** /* USER CODE END PD */
  36:Src/stm32f3xx_it.c **** 
  37:Src/stm32f3xx_it.c **** /* Private macro -------------------------------------------------------------*/
  38:Src/stm32f3xx_it.c **** /* USER CODE BEGIN PM */
  39:Src/stm32f3xx_it.c **** 
  40:Src/stm32f3xx_it.c **** /* USER CODE END PM */
  41:Src/stm32f3xx_it.c **** 
  42:Src/stm32f3xx_it.c **** /* Private variables ---------------------------------------------------------*/
  43:Src/stm32f3xx_it.c **** /* USER CODE BEGIN PV */
  44:Src/stm32f3xx_it.c **** 
  45:Src/stm32f3xx_it.c **** /* USER CODE END PV */
  46:Src/stm32f3xx_it.c **** 
  47:Src/stm32f3xx_it.c **** /* Private function prototypes -----------------------------------------------*/
  48:Src/stm32f3xx_it.c **** /* USER CODE BEGIN PFP */
  49:Src/stm32f3xx_it.c **** 
  50:Src/stm32f3xx_it.c **** /* USER CODE END PFP */
  51:Src/stm32f3xx_it.c **** 
  52:Src/stm32f3xx_it.c **** /* Private user code ---------------------------------------------------------*/
  53:Src/stm32f3xx_it.c **** /* USER CODE BEGIN 0 */
  54:Src/stm32f3xx_it.c **** 
  55:Src/stm32f3xx_it.c **** /* USER CODE END 0 */
  56:Src/stm32f3xx_it.c **** 
  57:Src/stm32f3xx_it.c **** /* External variables --------------------------------------------------------*/
  58:Src/stm32f3xx_it.c **** extern TIM_HandleTypeDef htim7;
  59:Src/stm32f3xx_it.c **** 
  60:Src/stm32f3xx_it.c **** /* USER CODE BEGIN EV */
  61:Src/stm32f3xx_it.c **** 
  62:Src/stm32f3xx_it.c **** /* USER CODE END EV */
  63:Src/stm32f3xx_it.c **** 
  64:Src/stm32f3xx_it.c **** /******************************************************************************/
  65:Src/stm32f3xx_it.c **** /*           Cortex-M4 Processor Interruption and Exception Handlers          */
  66:Src/stm32f3xx_it.c **** /******************************************************************************/
  67:Src/stm32f3xx_it.c **** /**
  68:Src/stm32f3xx_it.c ****   * @brief This function handles System service call via SWI instruction.
  69:Src/stm32f3xx_it.c ****   */
  70:Src/stm32f3xx_it.c **** void SVC_Handler(void)
  71:Src/stm32f3xx_it.c **** {
  30              		.loc 1 71 1 view -0
  31              		.cfi_startproc
  32              		@ args = 0, pretend = 0, frame = 0
  33              		@ frame_needed = 0, uses_anonymous_args = 0
  34              		@ link register save eliminated.
  72:Src/stm32f3xx_it.c ****   /* USER CODE BEGIN SVCall_IRQn 0 */
  73:Src/stm32f3xx_it.c **** 
  74:Src/stm32f3xx_it.c ****   /* USER CODE END SVCall_IRQn 0 */
  75:Src/stm32f3xx_it.c ****   /* USER CODE BEGIN SVCall_IRQn 1 */
  76:Src/stm32f3xx_it.c **** 
  77:Src/stm32f3xx_it.c ****   /* USER CODE END SVCall_IRQn 1 */
  78:Src/stm32f3xx_it.c **** }
  35              		.loc 1 78 1 view .LVU1
  36 0000 7047     		bx	lr
  37              		.cfi_endproc
ARM GAS  /var/folders/b1/22c950295gx2kqj80tvj8wqc0000gn/T//ccefJRmo.s 			page 3


  38              	.LFE1124:
  40 0002 00BF     		.section	.text.PendSV_Handler,"ax",%progbits
  41              		.align	1
  42              		.p2align 2,,3
  43              		.global	PendSV_Handler
  44              		.syntax unified
  45              		.thumb
  46              		.thumb_func
  48              	PendSV_Handler:
  49              	.LFB1138:
  50              		.cfi_startproc
  51              		@ args = 0, pretend = 0, frame = 0
  52              		@ frame_needed = 0, uses_anonymous_args = 0
  53              		@ link register save eliminated.
  54 0000 7047     		bx	lr
  55              		.cfi_endproc
  56              	.LFE1138:
  58 0002 00BF     		.section	.text.SysTick_Handler,"ax",%progbits
  59              		.align	1
  60              		.p2align 2,,3
  61              		.global	SysTick_Handler
  62              		.syntax unified
  63              		.thumb
  64              		.thumb_func
  66              	SysTick_Handler:
  67              	.LFB1140:
  68              		.cfi_startproc
  69              		@ args = 0, pretend = 0, frame = 0
  70              		@ frame_needed = 0, uses_anonymous_args = 0
  71              		@ link register save eliminated.
  72 0000 7047     		bx	lr
  73              		.cfi_endproc
  74              	.LFE1140:
  76 0002 00BF     		.section	.text.DMA1_Channel1_IRQHandler,"ax",%progbits
  77              		.align	1
  78              		.p2align 2,,3
  79              		.global	DMA1_Channel1_IRQHandler
  80              		.syntax unified
  81              		.thumb
  82              		.thumb_func
  84              	DMA1_Channel1_IRQHandler:
  85              	.LFB1142:
  86              		.cfi_startproc
  87              		@ args = 0, pretend = 0, frame = 0
  88              		@ frame_needed = 0, uses_anonymous_args = 0
  89              		@ link register save eliminated.
  90 0000 7047     		bx	lr
  91              		.cfi_endproc
  92              	.LFE1142:
  94 0002 00BF     		.section	.text.DMA1_Channel2_IRQHandler,"ax",%progbits
  95              		.align	1
  96              		.p2align 2,,3
  97              		.global	DMA1_Channel2_IRQHandler
  98              		.syntax unified
  99              		.thumb
 100              		.thumb_func
 102              	DMA1_Channel2_IRQHandler:
ARM GAS  /var/folders/b1/22c950295gx2kqj80tvj8wqc0000gn/T//ccefJRmo.s 			page 4


 103              	.LFB1144:
 104              		.cfi_startproc
 105              		@ args = 0, pretend = 0, frame = 0
 106              		@ frame_needed = 0, uses_anonymous_args = 0
 107              		@ link register save eliminated.
 108 0000 7047     		bx	lr
 109              		.cfi_endproc
 110              	.LFE1144:
 112 0002 00BF     		.section	.text.DMA1_Channel3_IRQHandler,"ax",%progbits
 113              		.align	1
 114              		.p2align 2,,3
 115              		.global	DMA1_Channel3_IRQHandler
 116              		.syntax unified
 117              		.thumb
 118              		.thumb_func
 120              	DMA1_Channel3_IRQHandler:
 121              	.LFB1146:
 122              		.cfi_startproc
 123              		@ args = 0, pretend = 0, frame = 0
 124              		@ frame_needed = 0, uses_anonymous_args = 0
 125              		@ link register save eliminated.
 126 0000 7047     		bx	lr
 127              		.cfi_endproc
 128              	.LFE1146:
 130 0002 00BF     		.section	.text.DMA1_Channel4_IRQHandler,"ax",%progbits
 131              		.align	1
 132              		.p2align 2,,3
 133              		.global	DMA1_Channel4_IRQHandler
 134              		.syntax unified
 135              		.thumb
 136              		.thumb_func
 138              	DMA1_Channel4_IRQHandler:
 139              	.LFB1148:
 140              		.cfi_startproc
 141              		@ args = 0, pretend = 0, frame = 0
 142              		@ frame_needed = 0, uses_anonymous_args = 0
 143              		@ link register save eliminated.
 144 0000 7047     		bx	lr
 145              		.cfi_endproc
 146              	.LFE1148:
 148 0002 00BF     		.section	.text.DMA1_Channel6_IRQHandler,"ax",%progbits
 149              		.align	1
 150              		.p2align 2,,3
 151              		.global	DMA1_Channel6_IRQHandler
 152              		.syntax unified
 153              		.thumb
 154              		.thumb_func
 156              	DMA1_Channel6_IRQHandler:
 157              	.LFB1150:
 158              		.cfi_startproc
 159              		@ args = 0, pretend = 0, frame = 0
 160              		@ frame_needed = 0, uses_anonymous_args = 0
 161              		@ link register save eliminated.
 162 0000 7047     		bx	lr
 163              		.cfi_endproc
 164              	.LFE1150:
 166 0002 00BF     		.section	.text.ADC1_2_IRQHandler,"ax",%progbits
ARM GAS  /var/folders/b1/22c950295gx2kqj80tvj8wqc0000gn/T//ccefJRmo.s 			page 5


 167              		.align	1
 168              		.p2align 2,,3
 169              		.global	ADC1_2_IRQHandler
 170              		.syntax unified
 171              		.thumb
 172              		.thumb_func
 174              	ADC1_2_IRQHandler:
 175              	.LFB1152:
 176              		.cfi_startproc
 177              		@ args = 0, pretend = 0, frame = 0
 178              		@ frame_needed = 0, uses_anonymous_args = 0
 179              		@ link register save eliminated.
 180 0000 7047     		bx	lr
 181              		.cfi_endproc
 182              	.LFE1152:
 184 0002 00BF     		.section	.text.TIM1_BRK_TIM15_IRQHandler,"ax",%progbits
 185              		.align	1
 186              		.p2align 2,,3
 187              		.global	TIM1_BRK_TIM15_IRQHandler
 188              		.syntax unified
 189              		.thumb
 190              		.thumb_func
 192              	TIM1_BRK_TIM15_IRQHandler:
 193              	.LFB1154:
 194              		.cfi_startproc
 195              		@ args = 0, pretend = 0, frame = 0
 196              		@ frame_needed = 0, uses_anonymous_args = 0
 197              		@ link register save eliminated.
 198 0000 7047     		bx	lr
 199              		.cfi_endproc
 200              	.LFE1154:
 202 0002 00BF     		.section	.text.USART2_IRQHandler,"ax",%progbits
 203              		.align	1
 204              		.p2align 2,,3
 205              		.global	USART2_IRQHandler
 206              		.syntax unified
 207              		.thumb
 208              		.thumb_func
 210              	USART2_IRQHandler:
 211              	.LFB1156:
 212              		.cfi_startproc
 213              		@ args = 0, pretend = 0, frame = 0
 214              		@ frame_needed = 0, uses_anonymous_args = 0
 215              		@ link register save eliminated.
 216 0000 7047     		bx	lr
 217              		.cfi_endproc
 218              	.LFE1156:
 220 0002 00BF     		.section	.text.TIM7_DAC2_IRQHandler,"ax",%progbits
 221              		.align	1
 222              		.p2align 2,,3
 223              		.global	TIM7_DAC2_IRQHandler
 224              		.syntax unified
 225              		.thumb
 226              		.thumb_func
 228              	TIM7_DAC2_IRQHandler:
 229              	.LFB1135:
  79:Src/stm32f3xx_it.c **** 
ARM GAS  /var/folders/b1/22c950295gx2kqj80tvj8wqc0000gn/T//ccefJRmo.s 			page 6


  80:Src/stm32f3xx_it.c **** /**
  81:Src/stm32f3xx_it.c ****   * @brief This function handles Pendable request for system service.
  82:Src/stm32f3xx_it.c ****   */
  83:Src/stm32f3xx_it.c **** void PendSV_Handler(void)
  84:Src/stm32f3xx_it.c **** {
  85:Src/stm32f3xx_it.c ****   /* USER CODE BEGIN PendSV_IRQn 0 */
  86:Src/stm32f3xx_it.c **** 
  87:Src/stm32f3xx_it.c ****   /* USER CODE END PendSV_IRQn 0 */
  88:Src/stm32f3xx_it.c ****   /* USER CODE BEGIN PendSV_IRQn 1 */
  89:Src/stm32f3xx_it.c **** 
  90:Src/stm32f3xx_it.c ****   /* USER CODE END PendSV_IRQn 1 */
  91:Src/stm32f3xx_it.c **** }
  92:Src/stm32f3xx_it.c **** 
  93:Src/stm32f3xx_it.c **** /**
  94:Src/stm32f3xx_it.c ****   * @brief This function handles System tick timer.
  95:Src/stm32f3xx_it.c ****   */
  96:Src/stm32f3xx_it.c **** void SysTick_Handler(void)
  97:Src/stm32f3xx_it.c **** {
  98:Src/stm32f3xx_it.c ****   /* USER CODE BEGIN SysTick_IRQn 0 */
  99:Src/stm32f3xx_it.c **** 
 100:Src/stm32f3xx_it.c ****   /* USER CODE END SysTick_IRQn 0 */
 101:Src/stm32f3xx_it.c **** 
 102:Src/stm32f3xx_it.c ****   /* USER CODE BEGIN SysTick_IRQn 1 */
 103:Src/stm32f3xx_it.c **** 
 104:Src/stm32f3xx_it.c ****   /* USER CODE END SysTick_IRQn 1 */
 105:Src/stm32f3xx_it.c **** }
 106:Src/stm32f3xx_it.c **** 
 107:Src/stm32f3xx_it.c **** /******************************************************************************/
 108:Src/stm32f3xx_it.c **** /* STM32F3xx Peripheral Interrupt Handlers                                    */
 109:Src/stm32f3xx_it.c **** /* Add here the Interrupt Handlers for the used peripherals.                  */
 110:Src/stm32f3xx_it.c **** /* For the available peripheral interrupt handler names,                      */
 111:Src/stm32f3xx_it.c **** /* please refer to the startup file (startup_stm32f3xx.s).                    */
 112:Src/stm32f3xx_it.c **** /******************************************************************************/
 113:Src/stm32f3xx_it.c **** 
 114:Src/stm32f3xx_it.c **** /**
 115:Src/stm32f3xx_it.c ****   * @brief This function handles DMA1 channel1 global interrupt.
 116:Src/stm32f3xx_it.c ****   */
 117:Src/stm32f3xx_it.c **** void DMA1_Channel1_IRQHandler(void)
 118:Src/stm32f3xx_it.c **** {
 119:Src/stm32f3xx_it.c ****   /* USER CODE BEGIN DMA1_Channel1_IRQn 0 */
 120:Src/stm32f3xx_it.c **** 
 121:Src/stm32f3xx_it.c ****   /* USER CODE END DMA1_Channel1_IRQn 0 */
 122:Src/stm32f3xx_it.c **** 
 123:Src/stm32f3xx_it.c ****   /* USER CODE BEGIN DMA1_Channel1_IRQn 1 */
 124:Src/stm32f3xx_it.c **** 
 125:Src/stm32f3xx_it.c ****   /* USER CODE END DMA1_Channel1_IRQn 1 */
 126:Src/stm32f3xx_it.c **** }
 127:Src/stm32f3xx_it.c **** 
 128:Src/stm32f3xx_it.c **** /**
 129:Src/stm32f3xx_it.c ****   * @brief This function handles DMA1 channel2 global interrupt.
 130:Src/stm32f3xx_it.c ****   */
 131:Src/stm32f3xx_it.c **** void DMA1_Channel2_IRQHandler(void)
 132:Src/stm32f3xx_it.c **** {
 133:Src/stm32f3xx_it.c ****   /* USER CODE BEGIN DMA1_Channel2_IRQn 0 */
 134:Src/stm32f3xx_it.c **** 
 135:Src/stm32f3xx_it.c ****   /* USER CODE END DMA1_Channel2_IRQn 0 */
 136:Src/stm32f3xx_it.c **** 
ARM GAS  /var/folders/b1/22c950295gx2kqj80tvj8wqc0000gn/T//ccefJRmo.s 			page 7


 137:Src/stm32f3xx_it.c ****   /* USER CODE BEGIN DMA1_Channel2_IRQn 1 */
 138:Src/stm32f3xx_it.c **** 
 139:Src/stm32f3xx_it.c ****   /* USER CODE END DMA1_Channel2_IRQn 1 */
 140:Src/stm32f3xx_it.c **** }
 141:Src/stm32f3xx_it.c **** 
 142:Src/stm32f3xx_it.c **** /**
 143:Src/stm32f3xx_it.c ****   * @brief This function handles DMA1 channel3 global interrupt.
 144:Src/stm32f3xx_it.c ****   */
 145:Src/stm32f3xx_it.c **** void DMA1_Channel3_IRQHandler(void)
 146:Src/stm32f3xx_it.c **** {
 147:Src/stm32f3xx_it.c ****   /* USER CODE BEGIN DMA1_Channel3_IRQn 0 */
 148:Src/stm32f3xx_it.c **** 
 149:Src/stm32f3xx_it.c ****   /* USER CODE END DMA1_Channel3_IRQn 0 */
 150:Src/stm32f3xx_it.c **** 
 151:Src/stm32f3xx_it.c ****   /* USER CODE BEGIN DMA1_Channel3_IRQn 1 */
 152:Src/stm32f3xx_it.c **** 
 153:Src/stm32f3xx_it.c ****   /* USER CODE END DMA1_Channel3_IRQn 1 */
 154:Src/stm32f3xx_it.c **** }
 155:Src/stm32f3xx_it.c **** 
 156:Src/stm32f3xx_it.c **** /**
 157:Src/stm32f3xx_it.c ****   * @brief This function handles DMA1 channel4 global interrupt.
 158:Src/stm32f3xx_it.c ****   */
 159:Src/stm32f3xx_it.c **** void DMA1_Channel4_IRQHandler(void)
 160:Src/stm32f3xx_it.c **** {
 161:Src/stm32f3xx_it.c ****   /* USER CODE BEGIN DMA1_Channel4_IRQn 0 */
 162:Src/stm32f3xx_it.c **** 
 163:Src/stm32f3xx_it.c ****   /* USER CODE END DMA1_Channel4_IRQn 0 */
 164:Src/stm32f3xx_it.c **** 
 165:Src/stm32f3xx_it.c ****   /* USER CODE BEGIN DMA1_Channel4_IRQn 1 */
 166:Src/stm32f3xx_it.c **** 
 167:Src/stm32f3xx_it.c ****   /* USER CODE END DMA1_Channel4_IRQn 1 */
 168:Src/stm32f3xx_it.c **** }
 169:Src/stm32f3xx_it.c **** 
 170:Src/stm32f3xx_it.c **** /**
 171:Src/stm32f3xx_it.c ****   * @brief This function handles DMA1 channel6 global interrupt.
 172:Src/stm32f3xx_it.c ****   */
 173:Src/stm32f3xx_it.c **** void DMA1_Channel6_IRQHandler(void)
 174:Src/stm32f3xx_it.c **** {
 175:Src/stm32f3xx_it.c ****   /* USER CODE BEGIN DMA1_Channel6_IRQn 0 */
 176:Src/stm32f3xx_it.c **** 
 177:Src/stm32f3xx_it.c ****   /* USER CODE END DMA1_Channel6_IRQn 0 */
 178:Src/stm32f3xx_it.c **** 
 179:Src/stm32f3xx_it.c ****   /* USER CODE BEGIN DMA1_Channel6_IRQn 1 */
 180:Src/stm32f3xx_it.c **** 
 181:Src/stm32f3xx_it.c ****   /* USER CODE END DMA1_Channel6_IRQn 1 */
 182:Src/stm32f3xx_it.c **** }
 183:Src/stm32f3xx_it.c **** 
 184:Src/stm32f3xx_it.c **** /**
 185:Src/stm32f3xx_it.c ****   * @brief This function handles ADC1 and ADC2 interrupts.
 186:Src/stm32f3xx_it.c ****   */
 187:Src/stm32f3xx_it.c **** void ADC1_2_IRQHandler(void)
 188:Src/stm32f3xx_it.c **** {
 189:Src/stm32f3xx_it.c ****   /* USER CODE BEGIN ADC1_2_IRQn 0 */
 190:Src/stm32f3xx_it.c **** 
 191:Src/stm32f3xx_it.c ****   /* USER CODE END ADC1_2_IRQn 0 */
 192:Src/stm32f3xx_it.c **** 
 193:Src/stm32f3xx_it.c ****   /* USER CODE BEGIN ADC1_2_IRQn 1 */
ARM GAS  /var/folders/b1/22c950295gx2kqj80tvj8wqc0000gn/T//ccefJRmo.s 			page 8


 194:Src/stm32f3xx_it.c **** 
 195:Src/stm32f3xx_it.c ****   /* USER CODE END ADC1_2_IRQn 1 */
 196:Src/stm32f3xx_it.c **** }
 197:Src/stm32f3xx_it.c **** 
 198:Src/stm32f3xx_it.c **** /**
 199:Src/stm32f3xx_it.c ****   * @brief This function handles TIM1 break and TIM15 interrupts.
 200:Src/stm32f3xx_it.c ****   */
 201:Src/stm32f3xx_it.c **** void TIM1_BRK_TIM15_IRQHandler(void)
 202:Src/stm32f3xx_it.c **** {
 203:Src/stm32f3xx_it.c ****   /* USER CODE BEGIN TIM1_BRK_TIM15_IRQn 0 */
 204:Src/stm32f3xx_it.c **** 
 205:Src/stm32f3xx_it.c ****   /* USER CODE END TIM1_BRK_TIM15_IRQn 0 */
 206:Src/stm32f3xx_it.c **** 
 207:Src/stm32f3xx_it.c ****   /* USER CODE BEGIN TIM1_BRK_TIM15_IRQn 1 */
 208:Src/stm32f3xx_it.c **** 
 209:Src/stm32f3xx_it.c ****   /* USER CODE END TIM1_BRK_TIM15_IRQn 1 */
 210:Src/stm32f3xx_it.c **** }
 211:Src/stm32f3xx_it.c **** 
 212:Src/stm32f3xx_it.c **** /**
 213:Src/stm32f3xx_it.c ****   * @brief This function handles USART2 global interrupt / USART2 wake-up interrupt through EXT lin
 214:Src/stm32f3xx_it.c ****   */
 215:Src/stm32f3xx_it.c **** void USART2_IRQHandler(void)
 216:Src/stm32f3xx_it.c **** {
 217:Src/stm32f3xx_it.c ****   /* USER CODE BEGIN USART2_IRQn 0 */
 218:Src/stm32f3xx_it.c **** 
 219:Src/stm32f3xx_it.c ****   /* USER CODE END USART2_IRQn 0 */
 220:Src/stm32f3xx_it.c ****   /* USER CODE BEGIN USART2_IRQn 1 */
 221:Src/stm32f3xx_it.c **** 
 222:Src/stm32f3xx_it.c ****   /* USER CODE END USART2_IRQn 1 */
 223:Src/stm32f3xx_it.c **** }
 224:Src/stm32f3xx_it.c **** 
 225:Src/stm32f3xx_it.c **** /**
 226:Src/stm32f3xx_it.c ****   * @brief This function handles TIM7 global and DAC2 underrun error interrupts.
 227:Src/stm32f3xx_it.c ****   */
 228:Src/stm32f3xx_it.c **** void TIM7_DAC2_IRQHandler(void)
 229:Src/stm32f3xx_it.c **** {
 230              		.loc 1 229 1 view -0
 231              		.cfi_startproc
 232              		@ args = 0, pretend = 0, frame = 0
 233              		@ frame_needed = 0, uses_anonymous_args = 0
 234              		@ link register save eliminated.
 230:Src/stm32f3xx_it.c ****   /* USER CODE BEGIN TIM7_DAC2_IRQn 0 */
 231:Src/stm32f3xx_it.c **** 
 232:Src/stm32f3xx_it.c ****   /* USER CODE END TIM7_DAC2_IRQn 0 */
 233:Src/stm32f3xx_it.c ****   HAL_TIM_IRQHandler(&htim7);
 235              		.loc 1 233 3 view .LVU3
 236 0000 0148     		ldr	r0, .L14
 237 0002 FFF7FEBF 		b	HAL_TIM_IRQHandler
 238              	.LVL0:
 239              	.L15:
 240 0006 00BF     		.align	2
 241              	.L14:
 242 0008 00000000 		.word	htim7
 243              		.cfi_endproc
 244              	.LFE1135:
 246              		.section	.text.COMP4_6_IRQHandler,"ax",%progbits
 247              		.align	1
ARM GAS  /var/folders/b1/22c950295gx2kqj80tvj8wqc0000gn/T//ccefJRmo.s 			page 9


 248              		.p2align 2,,3
 249              		.global	COMP4_6_IRQHandler
 250              		.syntax unified
 251              		.thumb
 252              		.thumb_func
 254              	COMP4_6_IRQHandler:
 255              	.LFB1158:
 256              		.cfi_startproc
 257              		@ args = 0, pretend = 0, frame = 0
 258              		@ frame_needed = 0, uses_anonymous_args = 0
 259              		@ link register save eliminated.
 260 0000 7047     		bx	lr
 261              		.cfi_endproc
 262              	.LFE1158:
 264 0002 00BF     		.text
 265              	.Letext0:
 266              		.file 2 "/Applications/ArmGNUToolchain/11.3.rel1/arm-none-eabi/arm-none-eabi/include/machine/_defa
 267              		.file 3 "/Applications/ArmGNUToolchain/11.3.rel1/arm-none-eabi/arm-none-eabi/include/sys/_stdint.h
 268              		.file 4 "Drivers/CMSIS/Device/ST/STM32F3xx/Include/stm32f334x8.h"
 269              		.file 5 "Drivers/STM32F3xx_HAL_Driver/Inc/stm32f3xx_hal_def.h"
 270              		.file 6 "Drivers/STM32F3xx_HAL_Driver/Inc/stm32f3xx_hal_dma.h"
 271              		.file 7 "Drivers/STM32F3xx_HAL_Driver/Inc/stm32f3xx_hal_tim.h"
 272              		.file 8 "Drivers/STM32F3xx_HAL_Driver/Inc/stm32f3xx_ll_dma.h"
 273              		.file 9 "Drivers/STM32F3xx_HAL_Driver/Inc/stm32f3xx_ll_tim.h"
ARM GAS  /var/folders/b1/22c950295gx2kqj80tvj8wqc0000gn/T//ccefJRmo.s 			page 10


DEFINED SYMBOLS
                            *ABS*:0000000000000000 stm32f3xx_it.c
/var/folders/b1/22c950295gx2kqj80tvj8wqc0000gn/T//ccefJRmo.s:20     .text.SVC_Handler:0000000000000000 $t
/var/folders/b1/22c950295gx2kqj80tvj8wqc0000gn/T//ccefJRmo.s:27     .text.SVC_Handler:0000000000000000 SVC_Handler
/var/folders/b1/22c950295gx2kqj80tvj8wqc0000gn/T//ccefJRmo.s:41     .text.PendSV_Handler:0000000000000000 $t
/var/folders/b1/22c950295gx2kqj80tvj8wqc0000gn/T//ccefJRmo.s:48     .text.PendSV_Handler:0000000000000000 PendSV_Handler
/var/folders/b1/22c950295gx2kqj80tvj8wqc0000gn/T//ccefJRmo.s:59     .text.SysTick_Handler:0000000000000000 $t
/var/folders/b1/22c950295gx2kqj80tvj8wqc0000gn/T//ccefJRmo.s:66     .text.SysTick_Handler:0000000000000000 SysTick_Handler
/var/folders/b1/22c950295gx2kqj80tvj8wqc0000gn/T//ccefJRmo.s:77     .text.DMA1_Channel1_IRQHandler:0000000000000000 $t
/var/folders/b1/22c950295gx2kqj80tvj8wqc0000gn/T//ccefJRmo.s:84     .text.DMA1_Channel1_IRQHandler:0000000000000000 DMA1_Channel1_IRQHandler
/var/folders/b1/22c950295gx2kqj80tvj8wqc0000gn/T//ccefJRmo.s:95     .text.DMA1_Channel2_IRQHandler:0000000000000000 $t
/var/folders/b1/22c950295gx2kqj80tvj8wqc0000gn/T//ccefJRmo.s:102    .text.DMA1_Channel2_IRQHandler:0000000000000000 DMA1_Channel2_IRQHandler
/var/folders/b1/22c950295gx2kqj80tvj8wqc0000gn/T//ccefJRmo.s:113    .text.DMA1_Channel3_IRQHandler:0000000000000000 $t
/var/folders/b1/22c950295gx2kqj80tvj8wqc0000gn/T//ccefJRmo.s:120    .text.DMA1_Channel3_IRQHandler:0000000000000000 DMA1_Channel3_IRQHandler
/var/folders/b1/22c950295gx2kqj80tvj8wqc0000gn/T//ccefJRmo.s:131    .text.DMA1_Channel4_IRQHandler:0000000000000000 $t
/var/folders/b1/22c950295gx2kqj80tvj8wqc0000gn/T//ccefJRmo.s:138    .text.DMA1_Channel4_IRQHandler:0000000000000000 DMA1_Channel4_IRQHandler
/var/folders/b1/22c950295gx2kqj80tvj8wqc0000gn/T//ccefJRmo.s:149    .text.DMA1_Channel6_IRQHandler:0000000000000000 $t
/var/folders/b1/22c950295gx2kqj80tvj8wqc0000gn/T//ccefJRmo.s:156    .text.DMA1_Channel6_IRQHandler:0000000000000000 DMA1_Channel6_IRQHandler
/var/folders/b1/22c950295gx2kqj80tvj8wqc0000gn/T//ccefJRmo.s:167    .text.ADC1_2_IRQHandler:0000000000000000 $t
/var/folders/b1/22c950295gx2kqj80tvj8wqc0000gn/T//ccefJRmo.s:174    .text.ADC1_2_IRQHandler:0000000000000000 ADC1_2_IRQHandler
/var/folders/b1/22c950295gx2kqj80tvj8wqc0000gn/T//ccefJRmo.s:185    .text.TIM1_BRK_TIM15_IRQHandler:0000000000000000 $t
/var/folders/b1/22c950295gx2kqj80tvj8wqc0000gn/T//ccefJRmo.s:192    .text.TIM1_BRK_TIM15_IRQHandler:0000000000000000 TIM1_BRK_TIM15_IRQHandler
/var/folders/b1/22c950295gx2kqj80tvj8wqc0000gn/T//ccefJRmo.s:203    .text.USART2_IRQHandler:0000000000000000 $t
/var/folders/b1/22c950295gx2kqj80tvj8wqc0000gn/T//ccefJRmo.s:210    .text.USART2_IRQHandler:0000000000000000 USART2_IRQHandler
/var/folders/b1/22c950295gx2kqj80tvj8wqc0000gn/T//ccefJRmo.s:221    .text.TIM7_DAC2_IRQHandler:0000000000000000 $t
/var/folders/b1/22c950295gx2kqj80tvj8wqc0000gn/T//ccefJRmo.s:228    .text.TIM7_DAC2_IRQHandler:0000000000000000 TIM7_DAC2_IRQHandler
/var/folders/b1/22c950295gx2kqj80tvj8wqc0000gn/T//ccefJRmo.s:242    .text.TIM7_DAC2_IRQHandler:0000000000000008 $d
/var/folders/b1/22c950295gx2kqj80tvj8wqc0000gn/T//ccefJRmo.s:247    .text.COMP4_6_IRQHandler:0000000000000000 $t
/var/folders/b1/22c950295gx2kqj80tvj8wqc0000gn/T//ccefJRmo.s:254    .text.COMP4_6_IRQHandler:0000000000000000 COMP4_6_IRQHandler

UNDEFINED SYMBOLS
HAL_TIM_IRQHandler
htim7
