ARM GAS  /var/folders/b1/22c950295gx2kqj80tvj8wqc0000gn/T//ccBqSqxt.s 			page 1


   1              		.cpu cortex-m4
   2              		.arch armv7e-m
   3              		.fpu fpv4-sp-d16
   4              		.eabi_attribute 27, 1
   5              		.eabi_attribute 28, 1
   6              		.eabi_attribute 20, 1
   7              		.eabi_attribute 21, 1
   8              		.eabi_attribute 23, 3
   9              		.eabi_attribute 24, 1
  10              		.eabi_attribute 25, 1
  11              		.eabi_attribute 26, 1
  12              		.eabi_attribute 30, 2
  13              		.eabi_attribute 34, 1
  14              		.eabi_attribute 18, 4
  15              		.file	"stm32f3xx_hal_i2c_ex.c"
  16              		.text
  17              	.Ltext0:
  18              		.cfi_sections	.debug_frame
  19              		.section	.text.HAL_I2CEx_ConfigAnalogFilter,"ax",%progbits
  20              		.align	1
  21              		.p2align 2,,3
  22              		.global	HAL_I2CEx_ConfigAnalogFilter
  23              		.syntax unified
  24              		.thumb
  25              		.thumb_func
  27              	HAL_I2CEx_ConfigAnalogFilter:
  28              	.LVL0:
  29              	.LFB123:
  30              		.file 1 "Drivers/STM32F3xx_HAL_Driver/Src/stm32f3xx_hal_i2c_ex.c"
   1:Drivers/STM32F3xx_HAL_Driver/Src/stm32f3xx_hal_i2c_ex.c **** /**
   2:Drivers/STM32F3xx_HAL_Driver/Src/stm32f3xx_hal_i2c_ex.c ****   ******************************************************************************
   3:Drivers/STM32F3xx_HAL_Driver/Src/stm32f3xx_hal_i2c_ex.c ****   * @file    stm32f3xx_hal_i2c_ex.c
   4:Drivers/STM32F3xx_HAL_Driver/Src/stm32f3xx_hal_i2c_ex.c ****   * @author  MCD Application Team
   5:Drivers/STM32F3xx_HAL_Driver/Src/stm32f3xx_hal_i2c_ex.c ****   * @brief   I2C Extended HAL module driver.
   6:Drivers/STM32F3xx_HAL_Driver/Src/stm32f3xx_hal_i2c_ex.c ****   *          This file provides firmware functions to manage the following
   7:Drivers/STM32F3xx_HAL_Driver/Src/stm32f3xx_hal_i2c_ex.c ****   *          functionalities of I2C Extended peripheral:
   8:Drivers/STM32F3xx_HAL_Driver/Src/stm32f3xx_hal_i2c_ex.c ****   *           + Filter Mode Functions
   9:Drivers/STM32F3xx_HAL_Driver/Src/stm32f3xx_hal_i2c_ex.c ****   *           + WakeUp Mode Functions
  10:Drivers/STM32F3xx_HAL_Driver/Src/stm32f3xx_hal_i2c_ex.c ****   *           + FastModePlus Functions
  11:Drivers/STM32F3xx_HAL_Driver/Src/stm32f3xx_hal_i2c_ex.c ****   *
  12:Drivers/STM32F3xx_HAL_Driver/Src/stm32f3xx_hal_i2c_ex.c ****   @verbatim
  13:Drivers/STM32F3xx_HAL_Driver/Src/stm32f3xx_hal_i2c_ex.c ****   ==============================================================================
  14:Drivers/STM32F3xx_HAL_Driver/Src/stm32f3xx_hal_i2c_ex.c ****                ##### I2C peripheral Extended features  #####
  15:Drivers/STM32F3xx_HAL_Driver/Src/stm32f3xx_hal_i2c_ex.c ****   ==============================================================================
  16:Drivers/STM32F3xx_HAL_Driver/Src/stm32f3xx_hal_i2c_ex.c **** 
  17:Drivers/STM32F3xx_HAL_Driver/Src/stm32f3xx_hal_i2c_ex.c ****   [..] Comparing to other previous devices, the I2C interface for STM32F3xx
  18:Drivers/STM32F3xx_HAL_Driver/Src/stm32f3xx_hal_i2c_ex.c ****        devices contains the following additional features
  19:Drivers/STM32F3xx_HAL_Driver/Src/stm32f3xx_hal_i2c_ex.c **** 
  20:Drivers/STM32F3xx_HAL_Driver/Src/stm32f3xx_hal_i2c_ex.c ****        (+) Possibility to disable or enable Analog Noise Filter
  21:Drivers/STM32F3xx_HAL_Driver/Src/stm32f3xx_hal_i2c_ex.c ****        (+) Use of a configured Digital Noise Filter
  22:Drivers/STM32F3xx_HAL_Driver/Src/stm32f3xx_hal_i2c_ex.c ****        (+) Disable or enable wakeup from Stop mode(s)
  23:Drivers/STM32F3xx_HAL_Driver/Src/stm32f3xx_hal_i2c_ex.c ****        (+) Disable or enable Fast Mode Plus
  24:Drivers/STM32F3xx_HAL_Driver/Src/stm32f3xx_hal_i2c_ex.c **** 
  25:Drivers/STM32F3xx_HAL_Driver/Src/stm32f3xx_hal_i2c_ex.c ****                      ##### How to use this driver #####
  26:Drivers/STM32F3xx_HAL_Driver/Src/stm32f3xx_hal_i2c_ex.c ****   ==============================================================================
  27:Drivers/STM32F3xx_HAL_Driver/Src/stm32f3xx_hal_i2c_ex.c ****   [..] This driver provides functions to configure Noise Filter and Wake Up Feature
  28:Drivers/STM32F3xx_HAL_Driver/Src/stm32f3xx_hal_i2c_ex.c ****     (#) Configure I2C Analog noise filter using the function HAL_I2CEx_ConfigAnalogFilter()
ARM GAS  /var/folders/b1/22c950295gx2kqj80tvj8wqc0000gn/T//ccBqSqxt.s 			page 2


  29:Drivers/STM32F3xx_HAL_Driver/Src/stm32f3xx_hal_i2c_ex.c ****     (#) Configure I2C Digital noise filter using the function HAL_I2CEx_ConfigDigitalFilter()
  30:Drivers/STM32F3xx_HAL_Driver/Src/stm32f3xx_hal_i2c_ex.c ****     (#) Configure the enable or disable of I2C Wake Up Mode using the functions :
  31:Drivers/STM32F3xx_HAL_Driver/Src/stm32f3xx_hal_i2c_ex.c ****           (++) HAL_I2CEx_EnableWakeUp()
  32:Drivers/STM32F3xx_HAL_Driver/Src/stm32f3xx_hal_i2c_ex.c ****           (++) HAL_I2CEx_DisableWakeUp()
  33:Drivers/STM32F3xx_HAL_Driver/Src/stm32f3xx_hal_i2c_ex.c ****     (#) Configure the enable or disable of fast mode plus driving capability using the functions :
  34:Drivers/STM32F3xx_HAL_Driver/Src/stm32f3xx_hal_i2c_ex.c ****           (++) HAL_I2CEx_EnableFastModePlus()
  35:Drivers/STM32F3xx_HAL_Driver/Src/stm32f3xx_hal_i2c_ex.c ****           (++) HAL_I2CEx_DisableFastModePlus()
  36:Drivers/STM32F3xx_HAL_Driver/Src/stm32f3xx_hal_i2c_ex.c ****   @endverbatim
  37:Drivers/STM32F3xx_HAL_Driver/Src/stm32f3xx_hal_i2c_ex.c ****   ******************************************************************************
  38:Drivers/STM32F3xx_HAL_Driver/Src/stm32f3xx_hal_i2c_ex.c ****   * @attention
  39:Drivers/STM32F3xx_HAL_Driver/Src/stm32f3xx_hal_i2c_ex.c ****   *
  40:Drivers/STM32F3xx_HAL_Driver/Src/stm32f3xx_hal_i2c_ex.c ****   * <h2><center>&copy; Copyright (c) 2016 STMicroelectronics.
  41:Drivers/STM32F3xx_HAL_Driver/Src/stm32f3xx_hal_i2c_ex.c ****   * All rights reserved.</center></h2>
  42:Drivers/STM32F3xx_HAL_Driver/Src/stm32f3xx_hal_i2c_ex.c ****   *
  43:Drivers/STM32F3xx_HAL_Driver/Src/stm32f3xx_hal_i2c_ex.c ****   * This software component is licensed by ST under BSD 3-Clause license,
  44:Drivers/STM32F3xx_HAL_Driver/Src/stm32f3xx_hal_i2c_ex.c ****   * the "License"; You may not use this file except in compliance with the
  45:Drivers/STM32F3xx_HAL_Driver/Src/stm32f3xx_hal_i2c_ex.c ****   * License. You may obtain a copy of the License at:
  46:Drivers/STM32F3xx_HAL_Driver/Src/stm32f3xx_hal_i2c_ex.c ****   *                        opensource.org/licenses/BSD-3-Clause
  47:Drivers/STM32F3xx_HAL_Driver/Src/stm32f3xx_hal_i2c_ex.c ****   *
  48:Drivers/STM32F3xx_HAL_Driver/Src/stm32f3xx_hal_i2c_ex.c ****   ******************************************************************************
  49:Drivers/STM32F3xx_HAL_Driver/Src/stm32f3xx_hal_i2c_ex.c ****   */
  50:Drivers/STM32F3xx_HAL_Driver/Src/stm32f3xx_hal_i2c_ex.c **** 
  51:Drivers/STM32F3xx_HAL_Driver/Src/stm32f3xx_hal_i2c_ex.c **** /* Includes ------------------------------------------------------------------*/
  52:Drivers/STM32F3xx_HAL_Driver/Src/stm32f3xx_hal_i2c_ex.c **** #include "stm32f3xx_hal.h"
  53:Drivers/STM32F3xx_HAL_Driver/Src/stm32f3xx_hal_i2c_ex.c **** 
  54:Drivers/STM32F3xx_HAL_Driver/Src/stm32f3xx_hal_i2c_ex.c **** /** @addtogroup STM32F3xx_HAL_Driver
  55:Drivers/STM32F3xx_HAL_Driver/Src/stm32f3xx_hal_i2c_ex.c ****   * @{
  56:Drivers/STM32F3xx_HAL_Driver/Src/stm32f3xx_hal_i2c_ex.c ****   */
  57:Drivers/STM32F3xx_HAL_Driver/Src/stm32f3xx_hal_i2c_ex.c **** 
  58:Drivers/STM32F3xx_HAL_Driver/Src/stm32f3xx_hal_i2c_ex.c **** /** @defgroup I2CEx I2CEx
  59:Drivers/STM32F3xx_HAL_Driver/Src/stm32f3xx_hal_i2c_ex.c ****   * @brief I2C Extended HAL module driver
  60:Drivers/STM32F3xx_HAL_Driver/Src/stm32f3xx_hal_i2c_ex.c ****   * @{
  61:Drivers/STM32F3xx_HAL_Driver/Src/stm32f3xx_hal_i2c_ex.c ****   */
  62:Drivers/STM32F3xx_HAL_Driver/Src/stm32f3xx_hal_i2c_ex.c **** 
  63:Drivers/STM32F3xx_HAL_Driver/Src/stm32f3xx_hal_i2c_ex.c **** #ifdef HAL_I2C_MODULE_ENABLED
  64:Drivers/STM32F3xx_HAL_Driver/Src/stm32f3xx_hal_i2c_ex.c **** 
  65:Drivers/STM32F3xx_HAL_Driver/Src/stm32f3xx_hal_i2c_ex.c **** /* Private typedef -----------------------------------------------------------*/
  66:Drivers/STM32F3xx_HAL_Driver/Src/stm32f3xx_hal_i2c_ex.c **** /* Private define ------------------------------------------------------------*/
  67:Drivers/STM32F3xx_HAL_Driver/Src/stm32f3xx_hal_i2c_ex.c **** /* Private macro -------------------------------------------------------------*/
  68:Drivers/STM32F3xx_HAL_Driver/Src/stm32f3xx_hal_i2c_ex.c **** /* Private variables ---------------------------------------------------------*/
  69:Drivers/STM32F3xx_HAL_Driver/Src/stm32f3xx_hal_i2c_ex.c **** /* Private function prototypes -----------------------------------------------*/
  70:Drivers/STM32F3xx_HAL_Driver/Src/stm32f3xx_hal_i2c_ex.c **** /* Private functions ---------------------------------------------------------*/
  71:Drivers/STM32F3xx_HAL_Driver/Src/stm32f3xx_hal_i2c_ex.c **** 
  72:Drivers/STM32F3xx_HAL_Driver/Src/stm32f3xx_hal_i2c_ex.c **** /** @defgroup I2CEx_Exported_Functions I2C Extended Exported Functions
  73:Drivers/STM32F3xx_HAL_Driver/Src/stm32f3xx_hal_i2c_ex.c ****   * @{
  74:Drivers/STM32F3xx_HAL_Driver/Src/stm32f3xx_hal_i2c_ex.c ****   */
  75:Drivers/STM32F3xx_HAL_Driver/Src/stm32f3xx_hal_i2c_ex.c **** 
  76:Drivers/STM32F3xx_HAL_Driver/Src/stm32f3xx_hal_i2c_ex.c **** /** @defgroup I2CEx_Exported_Functions_Group1 Filter Mode Functions
  77:Drivers/STM32F3xx_HAL_Driver/Src/stm32f3xx_hal_i2c_ex.c ****   * @brief    Filter Mode Functions
  78:Drivers/STM32F3xx_HAL_Driver/Src/stm32f3xx_hal_i2c_ex.c ****   *
  79:Drivers/STM32F3xx_HAL_Driver/Src/stm32f3xx_hal_i2c_ex.c **** @verbatim
  80:Drivers/STM32F3xx_HAL_Driver/Src/stm32f3xx_hal_i2c_ex.c ****  ===============================================================================
  81:Drivers/STM32F3xx_HAL_Driver/Src/stm32f3xx_hal_i2c_ex.c ****                       ##### Filter Mode Functions #####
  82:Drivers/STM32F3xx_HAL_Driver/Src/stm32f3xx_hal_i2c_ex.c ****  ===============================================================================
  83:Drivers/STM32F3xx_HAL_Driver/Src/stm32f3xx_hal_i2c_ex.c ****     [..] This section provides functions allowing to:
  84:Drivers/STM32F3xx_HAL_Driver/Src/stm32f3xx_hal_i2c_ex.c ****       (+) Configure Noise Filters
  85:Drivers/STM32F3xx_HAL_Driver/Src/stm32f3xx_hal_i2c_ex.c **** 
ARM GAS  /var/folders/b1/22c950295gx2kqj80tvj8wqc0000gn/T//ccBqSqxt.s 			page 3


  86:Drivers/STM32F3xx_HAL_Driver/Src/stm32f3xx_hal_i2c_ex.c **** @endverbatim
  87:Drivers/STM32F3xx_HAL_Driver/Src/stm32f3xx_hal_i2c_ex.c ****   * @{
  88:Drivers/STM32F3xx_HAL_Driver/Src/stm32f3xx_hal_i2c_ex.c ****   */
  89:Drivers/STM32F3xx_HAL_Driver/Src/stm32f3xx_hal_i2c_ex.c **** 
  90:Drivers/STM32F3xx_HAL_Driver/Src/stm32f3xx_hal_i2c_ex.c **** /**
  91:Drivers/STM32F3xx_HAL_Driver/Src/stm32f3xx_hal_i2c_ex.c ****   * @brief  Configure I2C Analog noise filter.
  92:Drivers/STM32F3xx_HAL_Driver/Src/stm32f3xx_hal_i2c_ex.c ****   * @param  hi2c Pointer to a I2C_HandleTypeDef structure that contains
  93:Drivers/STM32F3xx_HAL_Driver/Src/stm32f3xx_hal_i2c_ex.c ****   *                the configuration information for the specified I2Cx peripheral.
  94:Drivers/STM32F3xx_HAL_Driver/Src/stm32f3xx_hal_i2c_ex.c ****   * @param  AnalogFilter New state of the Analog filter.
  95:Drivers/STM32F3xx_HAL_Driver/Src/stm32f3xx_hal_i2c_ex.c ****   * @retval HAL status
  96:Drivers/STM32F3xx_HAL_Driver/Src/stm32f3xx_hal_i2c_ex.c ****   */
  97:Drivers/STM32F3xx_HAL_Driver/Src/stm32f3xx_hal_i2c_ex.c **** HAL_StatusTypeDef HAL_I2CEx_ConfigAnalogFilter(I2C_HandleTypeDef *hi2c, uint32_t AnalogFilter)
  98:Drivers/STM32F3xx_HAL_Driver/Src/stm32f3xx_hal_i2c_ex.c **** {
  31              		.loc 1 98 1 view -0
  32              		.cfi_startproc
  33              		@ args = 0, pretend = 0, frame = 0
  34              		@ frame_needed = 0, uses_anonymous_args = 0
  99:Drivers/STM32F3xx_HAL_Driver/Src/stm32f3xx_hal_i2c_ex.c ****   /* Check the parameters */
 100:Drivers/STM32F3xx_HAL_Driver/Src/stm32f3xx_hal_i2c_ex.c ****   assert_param(IS_I2C_ALL_INSTANCE(hi2c->Instance));
  35              		.loc 1 100 3 view .LVU1
 101:Drivers/STM32F3xx_HAL_Driver/Src/stm32f3xx_hal_i2c_ex.c ****   assert_param(IS_I2C_ANALOG_FILTER(AnalogFilter));
  36              		.loc 1 101 3 view .LVU2
 102:Drivers/STM32F3xx_HAL_Driver/Src/stm32f3xx_hal_i2c_ex.c **** 
 103:Drivers/STM32F3xx_HAL_Driver/Src/stm32f3xx_hal_i2c_ex.c ****   if (hi2c->State == HAL_I2C_STATE_READY)
  37              		.loc 1 103 3 view .LVU3
  38              		.loc 1 103 11 is_stmt 0 view .LVU4
  39 0000 90F84120 		ldrb	r2, [r0, #65]	@ zero_extendqisi2
  40              		.loc 1 103 6 view .LVU5
  41 0004 202A     		cmp	r2, #32
  42 0006 23D1     		bne	.L4
  43 0008 5FFA82FC 		uxtb	ip, r2
 104:Drivers/STM32F3xx_HAL_Driver/Src/stm32f3xx_hal_i2c_ex.c ****   {
 105:Drivers/STM32F3xx_HAL_Driver/Src/stm32f3xx_hal_i2c_ex.c ****     /* Process Locked */
 106:Drivers/STM32F3xx_HAL_Driver/Src/stm32f3xx_hal_i2c_ex.c ****     __HAL_LOCK(hi2c);
  44              		.loc 1 106 5 is_stmt 1 view .LVU6
  45              		.loc 1 106 5 view .LVU7
  46 000c 90F84020 		ldrb	r2, [r0, #64]	@ zero_extendqisi2
  47 0010 012A     		cmp	r2, #1
  48 0012 0346     		mov	r3, r0
  49 0014 1CD0     		beq	.L4
  50              		.loc 1 106 5 discriminator 2 view .LVU8
  51              		.loc 1 106 5 discriminator 2 view .LVU9
 107:Drivers/STM32F3xx_HAL_Driver/Src/stm32f3xx_hal_i2c_ex.c **** 
 108:Drivers/STM32F3xx_HAL_Driver/Src/stm32f3xx_hal_i2c_ex.c ****     hi2c->State = HAL_I2C_STATE_BUSY;
  52              		.loc 1 108 5 discriminator 2 view .LVU10
 109:Drivers/STM32F3xx_HAL_Driver/Src/stm32f3xx_hal_i2c_ex.c **** 
 110:Drivers/STM32F3xx_HAL_Driver/Src/stm32f3xx_hal_i2c_ex.c ****     /* Disable the selected I2C peripheral */
 111:Drivers/STM32F3xx_HAL_Driver/Src/stm32f3xx_hal_i2c_ex.c ****     __HAL_I2C_DISABLE(hi2c);
  53              		.loc 1 111 5 is_stmt 0 discriminator 2 view .LVU11
  54 0016 0268     		ldr	r2, [r0]
 108:Drivers/STM32F3xx_HAL_Driver/Src/stm32f3xx_hal_i2c_ex.c **** 
  55              		.loc 1 108 17 discriminator 2 view .LVU12
  56 0018 2420     		movs	r0, #36
  57              	.LVL1:
  98:Drivers/STM32F3xx_HAL_Driver/Src/stm32f3xx_hal_i2c_ex.c ****   /* Check the parameters */
  58              		.loc 1 98 1 discriminator 2 view .LVU13
  59 001a 00B5     		push	{lr}
ARM GAS  /var/folders/b1/22c950295gx2kqj80tvj8wqc0000gn/T//ccBqSqxt.s 			page 4


  60              	.LCFI0:
  61              		.cfi_def_cfa_offset 4
  62              		.cfi_offset 14, -4
 108:Drivers/STM32F3xx_HAL_Driver/Src/stm32f3xx_hal_i2c_ex.c **** 
  63              		.loc 1 108 17 discriminator 2 view .LVU14
  64 001c 83F84100 		strb	r0, [r3, #65]
  65              		.loc 1 111 5 is_stmt 1 discriminator 2 view .LVU15
  66 0020 1068     		ldr	r0, [r2]
  67 0022 20F00100 		bic	r0, r0, #1
  68 0026 1060     		str	r0, [r2]
 112:Drivers/STM32F3xx_HAL_Driver/Src/stm32f3xx_hal_i2c_ex.c **** 
 113:Drivers/STM32F3xx_HAL_Driver/Src/stm32f3xx_hal_i2c_ex.c ****     /* Reset I2Cx ANOFF bit */
 114:Drivers/STM32F3xx_HAL_Driver/Src/stm32f3xx_hal_i2c_ex.c ****     hi2c->Instance->CR1 &= ~(I2C_CR1_ANFOFF);
  69              		.loc 1 114 5 discriminator 2 view .LVU16
  70              		.loc 1 114 25 is_stmt 0 discriminator 2 view .LVU17
  71 0028 1068     		ldr	r0, [r2]
  72 002a 20F48050 		bic	r0, r0, #4096
  73 002e 1060     		str	r0, [r2]
 115:Drivers/STM32F3xx_HAL_Driver/Src/stm32f3xx_hal_i2c_ex.c **** 
 116:Drivers/STM32F3xx_HAL_Driver/Src/stm32f3xx_hal_i2c_ex.c ****     /* Set analog filter bit*/
 117:Drivers/STM32F3xx_HAL_Driver/Src/stm32f3xx_hal_i2c_ex.c ****     hi2c->Instance->CR1 |= AnalogFilter;
  74              		.loc 1 117 5 is_stmt 1 discriminator 2 view .LVU18
  75              		.loc 1 117 25 is_stmt 0 discriminator 2 view .LVU19
  76 0030 1068     		ldr	r0, [r2]
  77 0032 0143     		orrs	r1, r1, r0
  78              	.LVL2:
  79              		.loc 1 117 25 discriminator 2 view .LVU20
  80 0034 1160     		str	r1, [r2]
 118:Drivers/STM32F3xx_HAL_Driver/Src/stm32f3xx_hal_i2c_ex.c **** 
 119:Drivers/STM32F3xx_HAL_Driver/Src/stm32f3xx_hal_i2c_ex.c ****     __HAL_I2C_ENABLE(hi2c);
  81              		.loc 1 119 5 is_stmt 1 discriminator 2 view .LVU21
  82 0036 1168     		ldr	r1, [r2]
 120:Drivers/STM32F3xx_HAL_Driver/Src/stm32f3xx_hal_i2c_ex.c **** 
 121:Drivers/STM32F3xx_HAL_Driver/Src/stm32f3xx_hal_i2c_ex.c ****     hi2c->State = HAL_I2C_STATE_READY;
 122:Drivers/STM32F3xx_HAL_Driver/Src/stm32f3xx_hal_i2c_ex.c **** 
 123:Drivers/STM32F3xx_HAL_Driver/Src/stm32f3xx_hal_i2c_ex.c ****     /* Process Unlocked */
 124:Drivers/STM32F3xx_HAL_Driver/Src/stm32f3xx_hal_i2c_ex.c ****     __HAL_UNLOCK(hi2c);
  83              		.loc 1 124 5 is_stmt 0 discriminator 2 view .LVU22
  84 0038 4FF0000E 		mov	lr, #0
 119:Drivers/STM32F3xx_HAL_Driver/Src/stm32f3xx_hal_i2c_ex.c **** 
  85              		.loc 1 119 5 discriminator 2 view .LVU23
  86 003c 41F00101 		orr	r1, r1, #1
  87 0040 1160     		str	r1, [r2]
 121:Drivers/STM32F3xx_HAL_Driver/Src/stm32f3xx_hal_i2c_ex.c **** 
  88              		.loc 1 121 5 is_stmt 1 discriminator 2 view .LVU24
 121:Drivers/STM32F3xx_HAL_Driver/Src/stm32f3xx_hal_i2c_ex.c **** 
  89              		.loc 1 121 17 is_stmt 0 discriminator 2 view .LVU25
  90 0042 83F841C0 		strb	ip, [r3, #65]
  91              		.loc 1 124 5 is_stmt 1 discriminator 2 view .LVU26
  92              		.loc 1 124 5 discriminator 2 view .LVU27
  93 0046 83F840E0 		strb	lr, [r3, #64]
  94              		.loc 1 124 5 discriminator 2 view .LVU28
 125:Drivers/STM32F3xx_HAL_Driver/Src/stm32f3xx_hal_i2c_ex.c **** 
 126:Drivers/STM32F3xx_HAL_Driver/Src/stm32f3xx_hal_i2c_ex.c ****     return HAL_OK;
  95              		.loc 1 126 5 discriminator 2 view .LVU29
  96              		.loc 1 126 12 is_stmt 0 discriminator 2 view .LVU30
  97 004a 7046     		mov	r0, lr
ARM GAS  /var/folders/b1/22c950295gx2kqj80tvj8wqc0000gn/T//ccBqSqxt.s 			page 5


 127:Drivers/STM32F3xx_HAL_Driver/Src/stm32f3xx_hal_i2c_ex.c ****   }
 128:Drivers/STM32F3xx_HAL_Driver/Src/stm32f3xx_hal_i2c_ex.c ****   else
 129:Drivers/STM32F3xx_HAL_Driver/Src/stm32f3xx_hal_i2c_ex.c ****   {
 130:Drivers/STM32F3xx_HAL_Driver/Src/stm32f3xx_hal_i2c_ex.c ****     return HAL_BUSY;
 131:Drivers/STM32F3xx_HAL_Driver/Src/stm32f3xx_hal_i2c_ex.c ****   }
 132:Drivers/STM32F3xx_HAL_Driver/Src/stm32f3xx_hal_i2c_ex.c **** }
  98              		.loc 1 132 1 discriminator 2 view .LVU31
  99 004c 5DF804FB 		ldr	pc, [sp], #4
 100              	.LVL3:
 101              	.L4:
 102              	.LCFI1:
 103              		.cfi_def_cfa_offset 0
 104              		.cfi_restore 14
 130:Drivers/STM32F3xx_HAL_Driver/Src/stm32f3xx_hal_i2c_ex.c ****   }
 105              		.loc 1 130 12 view .LVU32
 106 0050 0220     		movs	r0, #2
 107              	.LVL4:
 108              		.loc 1 132 1 view .LVU33
 109 0052 7047     		bx	lr
 110              		.cfi_endproc
 111              	.LFE123:
 113              		.section	.text.HAL_I2CEx_ConfigDigitalFilter,"ax",%progbits
 114              		.align	1
 115              		.p2align 2,,3
 116              		.global	HAL_I2CEx_ConfigDigitalFilter
 117              		.syntax unified
 118              		.thumb
 119              		.thumb_func
 121              	HAL_I2CEx_ConfigDigitalFilter:
 122              	.LVL5:
 123              	.LFB124:
 133:Drivers/STM32F3xx_HAL_Driver/Src/stm32f3xx_hal_i2c_ex.c **** 
 134:Drivers/STM32F3xx_HAL_Driver/Src/stm32f3xx_hal_i2c_ex.c **** /**
 135:Drivers/STM32F3xx_HAL_Driver/Src/stm32f3xx_hal_i2c_ex.c ****   * @brief  Configure I2C Digital noise filter.
 136:Drivers/STM32F3xx_HAL_Driver/Src/stm32f3xx_hal_i2c_ex.c ****   * @param  hi2c Pointer to a I2C_HandleTypeDef structure that contains
 137:Drivers/STM32F3xx_HAL_Driver/Src/stm32f3xx_hal_i2c_ex.c ****   *                the configuration information for the specified I2Cx peripheral.
 138:Drivers/STM32F3xx_HAL_Driver/Src/stm32f3xx_hal_i2c_ex.c ****   * @param  DigitalFilter Coefficient of digital noise filter between Min_Data=0x00 and Max_Data=0x
 139:Drivers/STM32F3xx_HAL_Driver/Src/stm32f3xx_hal_i2c_ex.c ****   * @retval HAL status
 140:Drivers/STM32F3xx_HAL_Driver/Src/stm32f3xx_hal_i2c_ex.c ****   */
 141:Drivers/STM32F3xx_HAL_Driver/Src/stm32f3xx_hal_i2c_ex.c **** HAL_StatusTypeDef HAL_I2CEx_ConfigDigitalFilter(I2C_HandleTypeDef *hi2c, uint32_t DigitalFilter)
 142:Drivers/STM32F3xx_HAL_Driver/Src/stm32f3xx_hal_i2c_ex.c **** {
 124              		.loc 1 142 1 is_stmt 1 view -0
 125              		.cfi_startproc
 126              		@ args = 0, pretend = 0, frame = 0
 127              		@ frame_needed = 0, uses_anonymous_args = 0
 143:Drivers/STM32F3xx_HAL_Driver/Src/stm32f3xx_hal_i2c_ex.c ****   uint32_t tmpreg;
 128              		.loc 1 143 3 view .LVU35
 144:Drivers/STM32F3xx_HAL_Driver/Src/stm32f3xx_hal_i2c_ex.c **** 
 145:Drivers/STM32F3xx_HAL_Driver/Src/stm32f3xx_hal_i2c_ex.c ****   /* Check the parameters */
 146:Drivers/STM32F3xx_HAL_Driver/Src/stm32f3xx_hal_i2c_ex.c ****   assert_param(IS_I2C_ALL_INSTANCE(hi2c->Instance));
 129              		.loc 1 146 3 view .LVU36
 147:Drivers/STM32F3xx_HAL_Driver/Src/stm32f3xx_hal_i2c_ex.c ****   assert_param(IS_I2C_DIGITAL_FILTER(DigitalFilter));
 130              		.loc 1 147 3 view .LVU37
 148:Drivers/STM32F3xx_HAL_Driver/Src/stm32f3xx_hal_i2c_ex.c **** 
 149:Drivers/STM32F3xx_HAL_Driver/Src/stm32f3xx_hal_i2c_ex.c ****   if (hi2c->State == HAL_I2C_STATE_READY)
 131              		.loc 1 149 3 view .LVU38
 132              		.loc 1 149 11 is_stmt 0 view .LVU39
ARM GAS  /var/folders/b1/22c950295gx2kqj80tvj8wqc0000gn/T//ccBqSqxt.s 			page 6


 133 0000 90F84120 		ldrb	r2, [r0, #65]	@ zero_extendqisi2
 134              		.loc 1 149 6 view .LVU40
 135 0004 202A     		cmp	r2, #32
 136 0006 22D1     		bne	.L12
 142:Drivers/STM32F3xx_HAL_Driver/Src/stm32f3xx_hal_i2c_ex.c ****   uint32_t tmpreg;
 137              		.loc 1 142 1 view .LVU41
 138 0008 00B5     		push	{lr}
 139              	.LCFI2:
 140              		.cfi_def_cfa_offset 4
 141              		.cfi_offset 14, -4
 142 000a 5FFA82FE 		uxtb	lr, r2
 150:Drivers/STM32F3xx_HAL_Driver/Src/stm32f3xx_hal_i2c_ex.c ****   {
 151:Drivers/STM32F3xx_HAL_Driver/Src/stm32f3xx_hal_i2c_ex.c ****     /* Process Locked */
 152:Drivers/STM32F3xx_HAL_Driver/Src/stm32f3xx_hal_i2c_ex.c ****     __HAL_LOCK(hi2c);
 143              		.loc 1 152 5 is_stmt 1 view .LVU42
 144              		.loc 1 152 5 view .LVU43
 145 000e 90F84020 		ldrb	r2, [r0, #64]	@ zero_extendqisi2
 146 0012 012A     		cmp	r2, #1
 147 0014 0346     		mov	r3, r0
 148 0016 1CD0     		beq	.L13
 149              		.loc 1 152 5 discriminator 2 view .LVU44
 150              		.loc 1 152 5 discriminator 2 view .LVU45
 153:Drivers/STM32F3xx_HAL_Driver/Src/stm32f3xx_hal_i2c_ex.c **** 
 154:Drivers/STM32F3xx_HAL_Driver/Src/stm32f3xx_hal_i2c_ex.c ****     hi2c->State = HAL_I2C_STATE_BUSY;
 151              		.loc 1 154 5 discriminator 2 view .LVU46
 155:Drivers/STM32F3xx_HAL_Driver/Src/stm32f3xx_hal_i2c_ex.c **** 
 156:Drivers/STM32F3xx_HAL_Driver/Src/stm32f3xx_hal_i2c_ex.c ****     /* Disable the selected I2C peripheral */
 157:Drivers/STM32F3xx_HAL_Driver/Src/stm32f3xx_hal_i2c_ex.c ****     __HAL_I2C_DISABLE(hi2c);
 152              		.loc 1 157 5 is_stmt 0 discriminator 2 view .LVU47
 153 0018 0268     		ldr	r2, [r0]
 154:Drivers/STM32F3xx_HAL_Driver/Src/stm32f3xx_hal_i2c_ex.c **** 
 154              		.loc 1 154 17 discriminator 2 view .LVU48
 155 001a 2420     		movs	r0, #36
 156              	.LVL6:
 154:Drivers/STM32F3xx_HAL_Driver/Src/stm32f3xx_hal_i2c_ex.c **** 
 157              		.loc 1 154 17 discriminator 2 view .LVU49
 158 001c 83F84100 		strb	r0, [r3, #65]
 159              		.loc 1 157 5 is_stmt 1 discriminator 2 view .LVU50
 160 0020 1068     		ldr	r0, [r2]
 161 0022 20F00100 		bic	r0, r0, #1
 162 0026 1060     		str	r0, [r2]
 158:Drivers/STM32F3xx_HAL_Driver/Src/stm32f3xx_hal_i2c_ex.c **** 
 159:Drivers/STM32F3xx_HAL_Driver/Src/stm32f3xx_hal_i2c_ex.c ****     /* Get the old register value */
 160:Drivers/STM32F3xx_HAL_Driver/Src/stm32f3xx_hal_i2c_ex.c ****     tmpreg = hi2c->Instance->CR1;
 163              		.loc 1 160 5 discriminator 2 view .LVU51
 164              		.loc 1 160 12 is_stmt 0 discriminator 2 view .LVU52
 165 0028 1068     		ldr	r0, [r2]
 166              	.LVL7:
 161:Drivers/STM32F3xx_HAL_Driver/Src/stm32f3xx_hal_i2c_ex.c **** 
 162:Drivers/STM32F3xx_HAL_Driver/Src/stm32f3xx_hal_i2c_ex.c ****     /* Reset I2Cx DNF bits [11:8] */
 163:Drivers/STM32F3xx_HAL_Driver/Src/stm32f3xx_hal_i2c_ex.c ****     tmpreg &= ~(I2C_CR1_DNF);
 167              		.loc 1 163 5 is_stmt 1 discriminator 2 view .LVU53
 168              		.loc 1 163 12 is_stmt 0 discriminator 2 view .LVU54
 169 002a 20F47060 		bic	r0, r0, #3840
 170              	.LVL8:
 164:Drivers/STM32F3xx_HAL_Driver/Src/stm32f3xx_hal_i2c_ex.c **** 
 165:Drivers/STM32F3xx_HAL_Driver/Src/stm32f3xx_hal_i2c_ex.c ****     /* Set I2Cx DNF coefficient */
ARM GAS  /var/folders/b1/22c950295gx2kqj80tvj8wqc0000gn/T//ccBqSqxt.s 			page 7


 166:Drivers/STM32F3xx_HAL_Driver/Src/stm32f3xx_hal_i2c_ex.c ****     tmpreg |= DigitalFilter << 8U;
 171              		.loc 1 166 5 is_stmt 1 discriminator 2 view .LVU55
 172              		.loc 1 166 12 is_stmt 0 discriminator 2 view .LVU56
 173 002e 40EA0121 		orr	r1, r0, r1, lsl #8
 174              	.LVL9:
 167:Drivers/STM32F3xx_HAL_Driver/Src/stm32f3xx_hal_i2c_ex.c **** 
 168:Drivers/STM32F3xx_HAL_Driver/Src/stm32f3xx_hal_i2c_ex.c ****     /* Store the new register value */
 169:Drivers/STM32F3xx_HAL_Driver/Src/stm32f3xx_hal_i2c_ex.c ****     hi2c->Instance->CR1 = tmpreg;
 175              		.loc 1 169 5 is_stmt 1 discriminator 2 view .LVU57
 176              		.loc 1 169 25 is_stmt 0 discriminator 2 view .LVU58
 177 0032 1160     		str	r1, [r2]
 170:Drivers/STM32F3xx_HAL_Driver/Src/stm32f3xx_hal_i2c_ex.c **** 
 171:Drivers/STM32F3xx_HAL_Driver/Src/stm32f3xx_hal_i2c_ex.c ****     __HAL_I2C_ENABLE(hi2c);
 178              		.loc 1 171 5 is_stmt 1 discriminator 2 view .LVU59
 179 0034 1168     		ldr	r1, [r2]
 180              	.LVL10:
 172:Drivers/STM32F3xx_HAL_Driver/Src/stm32f3xx_hal_i2c_ex.c **** 
 173:Drivers/STM32F3xx_HAL_Driver/Src/stm32f3xx_hal_i2c_ex.c ****     hi2c->State = HAL_I2C_STATE_READY;
 174:Drivers/STM32F3xx_HAL_Driver/Src/stm32f3xx_hal_i2c_ex.c **** 
 175:Drivers/STM32F3xx_HAL_Driver/Src/stm32f3xx_hal_i2c_ex.c ****     /* Process Unlocked */
 176:Drivers/STM32F3xx_HAL_Driver/Src/stm32f3xx_hal_i2c_ex.c ****     __HAL_UNLOCK(hi2c);
 181              		.loc 1 176 5 is_stmt 0 discriminator 2 view .LVU60
 182 0036 4FF0000C 		mov	ip, #0
 171:Drivers/STM32F3xx_HAL_Driver/Src/stm32f3xx_hal_i2c_ex.c **** 
 183              		.loc 1 171 5 discriminator 2 view .LVU61
 184 003a 41F00101 		orr	r1, r1, #1
 185 003e 1160     		str	r1, [r2]
 186              	.LVL11:
 173:Drivers/STM32F3xx_HAL_Driver/Src/stm32f3xx_hal_i2c_ex.c **** 
 187              		.loc 1 173 5 is_stmt 1 discriminator 2 view .LVU62
 173:Drivers/STM32F3xx_HAL_Driver/Src/stm32f3xx_hal_i2c_ex.c **** 
 188              		.loc 1 173 17 is_stmt 0 discriminator 2 view .LVU63
 189 0040 83F841E0 		strb	lr, [r3, #65]
 190              		.loc 1 176 5 is_stmt 1 discriminator 2 view .LVU64
 191              		.loc 1 176 5 discriminator 2 view .LVU65
 192 0044 83F840C0 		strb	ip, [r3, #64]
 193              		.loc 1 176 5 discriminator 2 view .LVU66
 177:Drivers/STM32F3xx_HAL_Driver/Src/stm32f3xx_hal_i2c_ex.c **** 
 178:Drivers/STM32F3xx_HAL_Driver/Src/stm32f3xx_hal_i2c_ex.c ****     return HAL_OK;
 194              		.loc 1 178 5 discriminator 2 view .LVU67
 195              		.loc 1 178 12 is_stmt 0 discriminator 2 view .LVU68
 196 0048 6046     		mov	r0, ip
 197              	.LVL12:
 179:Drivers/STM32F3xx_HAL_Driver/Src/stm32f3xx_hal_i2c_ex.c ****   }
 180:Drivers/STM32F3xx_HAL_Driver/Src/stm32f3xx_hal_i2c_ex.c ****   else
 181:Drivers/STM32F3xx_HAL_Driver/Src/stm32f3xx_hal_i2c_ex.c ****   {
 182:Drivers/STM32F3xx_HAL_Driver/Src/stm32f3xx_hal_i2c_ex.c ****     return HAL_BUSY;
 183:Drivers/STM32F3xx_HAL_Driver/Src/stm32f3xx_hal_i2c_ex.c ****   }
 184:Drivers/STM32F3xx_HAL_Driver/Src/stm32f3xx_hal_i2c_ex.c **** }
 198              		.loc 1 184 1 discriminator 2 view .LVU69
 199 004a 5DF804FB 		ldr	pc, [sp], #4
 200              	.LVL13:
 201              	.L12:
 202              	.LCFI3:
 203              		.cfi_def_cfa_offset 0
 204              		.cfi_restore 14
 182:Drivers/STM32F3xx_HAL_Driver/Src/stm32f3xx_hal_i2c_ex.c ****   }
ARM GAS  /var/folders/b1/22c950295gx2kqj80tvj8wqc0000gn/T//ccBqSqxt.s 			page 8


 205              		.loc 1 182 12 view .LVU70
 206 004e 0220     		movs	r0, #2
 207              	.LVL14:
 208              		.loc 1 184 1 view .LVU71
 209 0050 7047     		bx	lr
 210              	.LVL15:
 211              	.L13:
 212              	.LCFI4:
 213              		.cfi_def_cfa_offset 4
 214              		.cfi_offset 14, -4
 182:Drivers/STM32F3xx_HAL_Driver/Src/stm32f3xx_hal_i2c_ex.c ****   }
 215              		.loc 1 182 12 view .LVU72
 216 0052 0220     		movs	r0, #2
 217              	.LVL16:
 218              		.loc 1 184 1 view .LVU73
 219 0054 5DF804FB 		ldr	pc, [sp], #4
 220              		.cfi_endproc
 221              	.LFE124:
 223              		.section	.text.HAL_I2CEx_EnableWakeUp,"ax",%progbits
 224              		.align	1
 225              		.p2align 2,,3
 226              		.global	HAL_I2CEx_EnableWakeUp
 227              		.syntax unified
 228              		.thumb
 229              		.thumb_func
 231              	HAL_I2CEx_EnableWakeUp:
 232              	.LVL17:
 233              	.LFB125:
 185:Drivers/STM32F3xx_HAL_Driver/Src/stm32f3xx_hal_i2c_ex.c **** /**
 186:Drivers/STM32F3xx_HAL_Driver/Src/stm32f3xx_hal_i2c_ex.c ****   * @}
 187:Drivers/STM32F3xx_HAL_Driver/Src/stm32f3xx_hal_i2c_ex.c ****   */
 188:Drivers/STM32F3xx_HAL_Driver/Src/stm32f3xx_hal_i2c_ex.c **** 
 189:Drivers/STM32F3xx_HAL_Driver/Src/stm32f3xx_hal_i2c_ex.c **** /** @defgroup I2CEx_Exported_Functions_Group2 WakeUp Mode Functions
 190:Drivers/STM32F3xx_HAL_Driver/Src/stm32f3xx_hal_i2c_ex.c ****   * @brief    WakeUp Mode Functions
 191:Drivers/STM32F3xx_HAL_Driver/Src/stm32f3xx_hal_i2c_ex.c ****   *
 192:Drivers/STM32F3xx_HAL_Driver/Src/stm32f3xx_hal_i2c_ex.c **** @verbatim
 193:Drivers/STM32F3xx_HAL_Driver/Src/stm32f3xx_hal_i2c_ex.c ****  ===============================================================================
 194:Drivers/STM32F3xx_HAL_Driver/Src/stm32f3xx_hal_i2c_ex.c ****                       ##### WakeUp Mode Functions #####
 195:Drivers/STM32F3xx_HAL_Driver/Src/stm32f3xx_hal_i2c_ex.c ****  ===============================================================================
 196:Drivers/STM32F3xx_HAL_Driver/Src/stm32f3xx_hal_i2c_ex.c ****     [..] This section provides functions allowing to:
 197:Drivers/STM32F3xx_HAL_Driver/Src/stm32f3xx_hal_i2c_ex.c ****       (+) Configure Wake Up Feature
 198:Drivers/STM32F3xx_HAL_Driver/Src/stm32f3xx_hal_i2c_ex.c **** 
 199:Drivers/STM32F3xx_HAL_Driver/Src/stm32f3xx_hal_i2c_ex.c **** @endverbatim
 200:Drivers/STM32F3xx_HAL_Driver/Src/stm32f3xx_hal_i2c_ex.c ****   * @{
 201:Drivers/STM32F3xx_HAL_Driver/Src/stm32f3xx_hal_i2c_ex.c ****   */
 202:Drivers/STM32F3xx_HAL_Driver/Src/stm32f3xx_hal_i2c_ex.c **** 
 203:Drivers/STM32F3xx_HAL_Driver/Src/stm32f3xx_hal_i2c_ex.c **** /**
 204:Drivers/STM32F3xx_HAL_Driver/Src/stm32f3xx_hal_i2c_ex.c ****   * @brief  Enable I2C wakeup from Stop mode(s).
 205:Drivers/STM32F3xx_HAL_Driver/Src/stm32f3xx_hal_i2c_ex.c ****   * @param  hi2c Pointer to a I2C_HandleTypeDef structure that contains
 206:Drivers/STM32F3xx_HAL_Driver/Src/stm32f3xx_hal_i2c_ex.c ****   *                the configuration information for the specified I2Cx peripheral.
 207:Drivers/STM32F3xx_HAL_Driver/Src/stm32f3xx_hal_i2c_ex.c ****   * @retval HAL status
 208:Drivers/STM32F3xx_HAL_Driver/Src/stm32f3xx_hal_i2c_ex.c ****   */
 209:Drivers/STM32F3xx_HAL_Driver/Src/stm32f3xx_hal_i2c_ex.c **** HAL_StatusTypeDef HAL_I2CEx_EnableWakeUp(I2C_HandleTypeDef *hi2c)
 210:Drivers/STM32F3xx_HAL_Driver/Src/stm32f3xx_hal_i2c_ex.c **** {
 234              		.loc 1 210 1 is_stmt 1 view -0
 235              		.cfi_startproc
 236              		@ args = 0, pretend = 0, frame = 0
ARM GAS  /var/folders/b1/22c950295gx2kqj80tvj8wqc0000gn/T//ccBqSqxt.s 			page 9


 237              		@ frame_needed = 0, uses_anonymous_args = 0
 211:Drivers/STM32F3xx_HAL_Driver/Src/stm32f3xx_hal_i2c_ex.c ****   /* Check the parameters */
 212:Drivers/STM32F3xx_HAL_Driver/Src/stm32f3xx_hal_i2c_ex.c ****   assert_param(IS_I2C_WAKEUP_FROMSTOP_INSTANCE(hi2c->Instance));
 238              		.loc 1 212 3 view .LVU75
 213:Drivers/STM32F3xx_HAL_Driver/Src/stm32f3xx_hal_i2c_ex.c **** 
 214:Drivers/STM32F3xx_HAL_Driver/Src/stm32f3xx_hal_i2c_ex.c ****   if (hi2c->State == HAL_I2C_STATE_READY)
 239              		.loc 1 214 3 view .LVU76
 240              		.loc 1 214 11 is_stmt 0 view .LVU77
 241 0000 90F84120 		ldrb	r2, [r0, #65]	@ zero_extendqisi2
 242              		.loc 1 214 6 view .LVU78
 243 0004 202A     		cmp	r2, #32
 244 0006 20D1     		bne	.L20
 210:Drivers/STM32F3xx_HAL_Driver/Src/stm32f3xx_hal_i2c_ex.c ****   /* Check the parameters */
 245              		.loc 1 210 1 view .LVU79
 246 0008 00B5     		push	{lr}
 247              	.LCFI5:
 248              		.cfi_def_cfa_offset 4
 249              		.cfi_offset 14, -4
 250 000a 5FFA82FE 		uxtb	lr, r2
 215:Drivers/STM32F3xx_HAL_Driver/Src/stm32f3xx_hal_i2c_ex.c ****   {
 216:Drivers/STM32F3xx_HAL_Driver/Src/stm32f3xx_hal_i2c_ex.c ****     /* Process Locked */
 217:Drivers/STM32F3xx_HAL_Driver/Src/stm32f3xx_hal_i2c_ex.c ****     __HAL_LOCK(hi2c);
 251              		.loc 1 217 5 is_stmt 1 view .LVU80
 252              		.loc 1 217 5 view .LVU81
 253 000e 90F84020 		ldrb	r2, [r0, #64]	@ zero_extendqisi2
 254 0012 012A     		cmp	r2, #1
 255 0014 0346     		mov	r3, r0
 256 0016 1AD0     		beq	.L21
 257              		.loc 1 217 5 discriminator 2 view .LVU82
 258              		.loc 1 217 5 discriminator 2 view .LVU83
 218:Drivers/STM32F3xx_HAL_Driver/Src/stm32f3xx_hal_i2c_ex.c **** 
 219:Drivers/STM32F3xx_HAL_Driver/Src/stm32f3xx_hal_i2c_ex.c ****     hi2c->State = HAL_I2C_STATE_BUSY;
 259              		.loc 1 219 5 discriminator 2 view .LVU84
 220:Drivers/STM32F3xx_HAL_Driver/Src/stm32f3xx_hal_i2c_ex.c **** 
 221:Drivers/STM32F3xx_HAL_Driver/Src/stm32f3xx_hal_i2c_ex.c ****     /* Disable the selected I2C peripheral */
 222:Drivers/STM32F3xx_HAL_Driver/Src/stm32f3xx_hal_i2c_ex.c ****     __HAL_I2C_DISABLE(hi2c);
 260              		.loc 1 222 5 is_stmt 0 discriminator 2 view .LVU85
 261 0018 0268     		ldr	r2, [r0]
 219:Drivers/STM32F3xx_HAL_Driver/Src/stm32f3xx_hal_i2c_ex.c **** 
 262              		.loc 1 219 17 discriminator 2 view .LVU86
 263 001a 2421     		movs	r1, #36
 264 001c 80F84110 		strb	r1, [r0, #65]
 265              		.loc 1 222 5 is_stmt 1 discriminator 2 view .LVU87
 266 0020 1168     		ldr	r1, [r2]
 267 0022 21F00101 		bic	r1, r1, #1
 268 0026 1160     		str	r1, [r2]
 223:Drivers/STM32F3xx_HAL_Driver/Src/stm32f3xx_hal_i2c_ex.c **** 
 224:Drivers/STM32F3xx_HAL_Driver/Src/stm32f3xx_hal_i2c_ex.c ****     /* Enable wakeup from stop mode */
 225:Drivers/STM32F3xx_HAL_Driver/Src/stm32f3xx_hal_i2c_ex.c ****     hi2c->Instance->CR1 |= I2C_CR1_WUPEN;
 269              		.loc 1 225 5 discriminator 2 view .LVU88
 270              		.loc 1 225 25 is_stmt 0 discriminator 2 view .LVU89
 271 0028 1168     		ldr	r1, [r2]
 272 002a 41F48021 		orr	r1, r1, #262144
 273 002e 1160     		str	r1, [r2]
 226:Drivers/STM32F3xx_HAL_Driver/Src/stm32f3xx_hal_i2c_ex.c **** 
 227:Drivers/STM32F3xx_HAL_Driver/Src/stm32f3xx_hal_i2c_ex.c ****     __HAL_I2C_ENABLE(hi2c);
 274              		.loc 1 227 5 is_stmt 1 discriminator 2 view .LVU90
ARM GAS  /var/folders/b1/22c950295gx2kqj80tvj8wqc0000gn/T//ccBqSqxt.s 			page 10


 275 0030 1168     		ldr	r1, [r2]
 228:Drivers/STM32F3xx_HAL_Driver/Src/stm32f3xx_hal_i2c_ex.c **** 
 229:Drivers/STM32F3xx_HAL_Driver/Src/stm32f3xx_hal_i2c_ex.c ****     hi2c->State = HAL_I2C_STATE_READY;
 230:Drivers/STM32F3xx_HAL_Driver/Src/stm32f3xx_hal_i2c_ex.c **** 
 231:Drivers/STM32F3xx_HAL_Driver/Src/stm32f3xx_hal_i2c_ex.c ****     /* Process Unlocked */
 232:Drivers/STM32F3xx_HAL_Driver/Src/stm32f3xx_hal_i2c_ex.c ****     __HAL_UNLOCK(hi2c);
 276              		.loc 1 232 5 is_stmt 0 discriminator 2 view .LVU91
 277 0032 4FF0000C 		mov	ip, #0
 227:Drivers/STM32F3xx_HAL_Driver/Src/stm32f3xx_hal_i2c_ex.c **** 
 278              		.loc 1 227 5 discriminator 2 view .LVU92
 279 0036 41F00101 		orr	r1, r1, #1
 280 003a 1160     		str	r1, [r2]
 229:Drivers/STM32F3xx_HAL_Driver/Src/stm32f3xx_hal_i2c_ex.c **** 
 281              		.loc 1 229 5 is_stmt 1 discriminator 2 view .LVU93
 229:Drivers/STM32F3xx_HAL_Driver/Src/stm32f3xx_hal_i2c_ex.c **** 
 282              		.loc 1 229 17 is_stmt 0 discriminator 2 view .LVU94
 283 003c 83F841E0 		strb	lr, [r3, #65]
 284              		.loc 1 232 5 is_stmt 1 discriminator 2 view .LVU95
 285              		.loc 1 232 5 discriminator 2 view .LVU96
 286 0040 83F840C0 		strb	ip, [r3, #64]
 287              		.loc 1 232 5 discriminator 2 view .LVU97
 233:Drivers/STM32F3xx_HAL_Driver/Src/stm32f3xx_hal_i2c_ex.c **** 
 234:Drivers/STM32F3xx_HAL_Driver/Src/stm32f3xx_hal_i2c_ex.c ****     return HAL_OK;
 288              		.loc 1 234 5 discriminator 2 view .LVU98
 289              		.loc 1 234 12 is_stmt 0 discriminator 2 view .LVU99
 290 0044 6046     		mov	r0, ip
 291              	.LVL18:
 235:Drivers/STM32F3xx_HAL_Driver/Src/stm32f3xx_hal_i2c_ex.c ****   }
 236:Drivers/STM32F3xx_HAL_Driver/Src/stm32f3xx_hal_i2c_ex.c ****   else
 237:Drivers/STM32F3xx_HAL_Driver/Src/stm32f3xx_hal_i2c_ex.c ****   {
 238:Drivers/STM32F3xx_HAL_Driver/Src/stm32f3xx_hal_i2c_ex.c ****     return HAL_BUSY;
 239:Drivers/STM32F3xx_HAL_Driver/Src/stm32f3xx_hal_i2c_ex.c ****   }
 240:Drivers/STM32F3xx_HAL_Driver/Src/stm32f3xx_hal_i2c_ex.c **** }
 292              		.loc 1 240 1 discriminator 2 view .LVU100
 293 0046 5DF804FB 		ldr	pc, [sp], #4
 294              	.LVL19:
 295              	.L20:
 296              	.LCFI6:
 297              		.cfi_def_cfa_offset 0
 298              		.cfi_restore 14
 238:Drivers/STM32F3xx_HAL_Driver/Src/stm32f3xx_hal_i2c_ex.c ****   }
 299              		.loc 1 238 12 view .LVU101
 300 004a 0220     		movs	r0, #2
 301              	.LVL20:
 302              		.loc 1 240 1 view .LVU102
 303 004c 7047     		bx	lr
 304              	.LVL21:
 305              	.L21:
 306              	.LCFI7:
 307              		.cfi_def_cfa_offset 4
 308              		.cfi_offset 14, -4
 238:Drivers/STM32F3xx_HAL_Driver/Src/stm32f3xx_hal_i2c_ex.c ****   }
 309              		.loc 1 238 12 view .LVU103
 310 004e 0220     		movs	r0, #2
 311              	.LVL22:
 312              		.loc 1 240 1 view .LVU104
 313 0050 5DF804FB 		ldr	pc, [sp], #4
ARM GAS  /var/folders/b1/22c950295gx2kqj80tvj8wqc0000gn/T//ccBqSqxt.s 			page 11


 314              		.cfi_endproc
 315              	.LFE125:
 317              		.section	.text.HAL_I2CEx_DisableWakeUp,"ax",%progbits
 318              		.align	1
 319              		.p2align 2,,3
 320              		.global	HAL_I2CEx_DisableWakeUp
 321              		.syntax unified
 322              		.thumb
 323              		.thumb_func
 325              	HAL_I2CEx_DisableWakeUp:
 326              	.LVL23:
 327              	.LFB126:
 241:Drivers/STM32F3xx_HAL_Driver/Src/stm32f3xx_hal_i2c_ex.c **** 
 242:Drivers/STM32F3xx_HAL_Driver/Src/stm32f3xx_hal_i2c_ex.c **** /**
 243:Drivers/STM32F3xx_HAL_Driver/Src/stm32f3xx_hal_i2c_ex.c ****   * @brief  Disable I2C wakeup from Stop mode(s).
 244:Drivers/STM32F3xx_HAL_Driver/Src/stm32f3xx_hal_i2c_ex.c ****   * @param  hi2c Pointer to a I2C_HandleTypeDef structure that contains
 245:Drivers/STM32F3xx_HAL_Driver/Src/stm32f3xx_hal_i2c_ex.c ****   *                the configuration information for the specified I2Cx peripheral.
 246:Drivers/STM32F3xx_HAL_Driver/Src/stm32f3xx_hal_i2c_ex.c ****   * @retval HAL status
 247:Drivers/STM32F3xx_HAL_Driver/Src/stm32f3xx_hal_i2c_ex.c ****   */
 248:Drivers/STM32F3xx_HAL_Driver/Src/stm32f3xx_hal_i2c_ex.c **** HAL_StatusTypeDef HAL_I2CEx_DisableWakeUp(I2C_HandleTypeDef *hi2c)
 249:Drivers/STM32F3xx_HAL_Driver/Src/stm32f3xx_hal_i2c_ex.c **** {
 328              		.loc 1 249 1 is_stmt 1 view -0
 329              		.cfi_startproc
 330              		@ args = 0, pretend = 0, frame = 0
 331              		@ frame_needed = 0, uses_anonymous_args = 0
 250:Drivers/STM32F3xx_HAL_Driver/Src/stm32f3xx_hal_i2c_ex.c ****   /* Check the parameters */
 251:Drivers/STM32F3xx_HAL_Driver/Src/stm32f3xx_hal_i2c_ex.c ****   assert_param(IS_I2C_WAKEUP_FROMSTOP_INSTANCE(hi2c->Instance));
 332              		.loc 1 251 3 view .LVU106
 252:Drivers/STM32F3xx_HAL_Driver/Src/stm32f3xx_hal_i2c_ex.c **** 
 253:Drivers/STM32F3xx_HAL_Driver/Src/stm32f3xx_hal_i2c_ex.c ****   if (hi2c->State == HAL_I2C_STATE_READY)
 333              		.loc 1 253 3 view .LVU107
 334              		.loc 1 253 11 is_stmt 0 view .LVU108
 335 0000 90F84120 		ldrb	r2, [r0, #65]	@ zero_extendqisi2
 336              		.loc 1 253 6 view .LVU109
 337 0004 202A     		cmp	r2, #32
 338 0006 20D1     		bne	.L28
 249:Drivers/STM32F3xx_HAL_Driver/Src/stm32f3xx_hal_i2c_ex.c ****   /* Check the parameters */
 339              		.loc 1 249 1 view .LVU110
 340 0008 00B5     		push	{lr}
 341              	.LCFI8:
 342              		.cfi_def_cfa_offset 4
 343              		.cfi_offset 14, -4
 344 000a 5FFA82FE 		uxtb	lr, r2
 254:Drivers/STM32F3xx_HAL_Driver/Src/stm32f3xx_hal_i2c_ex.c ****   {
 255:Drivers/STM32F3xx_HAL_Driver/Src/stm32f3xx_hal_i2c_ex.c ****     /* Process Locked */
 256:Drivers/STM32F3xx_HAL_Driver/Src/stm32f3xx_hal_i2c_ex.c ****     __HAL_LOCK(hi2c);
 345              		.loc 1 256 5 is_stmt 1 view .LVU111
 346              		.loc 1 256 5 view .LVU112
 347 000e 90F84020 		ldrb	r2, [r0, #64]	@ zero_extendqisi2
 348 0012 012A     		cmp	r2, #1
 349 0014 0346     		mov	r3, r0
 350 0016 1AD0     		beq	.L29
 351              		.loc 1 256 5 discriminator 2 view .LVU113
 352              		.loc 1 256 5 discriminator 2 view .LVU114
 257:Drivers/STM32F3xx_HAL_Driver/Src/stm32f3xx_hal_i2c_ex.c **** 
 258:Drivers/STM32F3xx_HAL_Driver/Src/stm32f3xx_hal_i2c_ex.c ****     hi2c->State = HAL_I2C_STATE_BUSY;
 353              		.loc 1 258 5 discriminator 2 view .LVU115
ARM GAS  /var/folders/b1/22c950295gx2kqj80tvj8wqc0000gn/T//ccBqSqxt.s 			page 12


 259:Drivers/STM32F3xx_HAL_Driver/Src/stm32f3xx_hal_i2c_ex.c **** 
 260:Drivers/STM32F3xx_HAL_Driver/Src/stm32f3xx_hal_i2c_ex.c ****     /* Disable the selected I2C peripheral */
 261:Drivers/STM32F3xx_HAL_Driver/Src/stm32f3xx_hal_i2c_ex.c ****     __HAL_I2C_DISABLE(hi2c);
 354              		.loc 1 261 5 is_stmt 0 discriminator 2 view .LVU116
 355 0018 0268     		ldr	r2, [r0]
 258:Drivers/STM32F3xx_HAL_Driver/Src/stm32f3xx_hal_i2c_ex.c **** 
 356              		.loc 1 258 17 discriminator 2 view .LVU117
 357 001a 2421     		movs	r1, #36
 358 001c 80F84110 		strb	r1, [r0, #65]
 359              		.loc 1 261 5 is_stmt 1 discriminator 2 view .LVU118
 360 0020 1168     		ldr	r1, [r2]
 361 0022 21F00101 		bic	r1, r1, #1
 362 0026 1160     		str	r1, [r2]
 262:Drivers/STM32F3xx_HAL_Driver/Src/stm32f3xx_hal_i2c_ex.c **** 
 263:Drivers/STM32F3xx_HAL_Driver/Src/stm32f3xx_hal_i2c_ex.c ****     /* Enable wakeup from stop mode */
 264:Drivers/STM32F3xx_HAL_Driver/Src/stm32f3xx_hal_i2c_ex.c ****     hi2c->Instance->CR1 &= ~(I2C_CR1_WUPEN);
 363              		.loc 1 264 5 discriminator 2 view .LVU119
 364              		.loc 1 264 25 is_stmt 0 discriminator 2 view .LVU120
 365 0028 1168     		ldr	r1, [r2]
 366 002a 21F48021 		bic	r1, r1, #262144
 367 002e 1160     		str	r1, [r2]
 265:Drivers/STM32F3xx_HAL_Driver/Src/stm32f3xx_hal_i2c_ex.c **** 
 266:Drivers/STM32F3xx_HAL_Driver/Src/stm32f3xx_hal_i2c_ex.c ****     __HAL_I2C_ENABLE(hi2c);
 368              		.loc 1 266 5 is_stmt 1 discriminator 2 view .LVU121
 369 0030 1168     		ldr	r1, [r2]
 267:Drivers/STM32F3xx_HAL_Driver/Src/stm32f3xx_hal_i2c_ex.c **** 
 268:Drivers/STM32F3xx_HAL_Driver/Src/stm32f3xx_hal_i2c_ex.c ****     hi2c->State = HAL_I2C_STATE_READY;
 269:Drivers/STM32F3xx_HAL_Driver/Src/stm32f3xx_hal_i2c_ex.c **** 
 270:Drivers/STM32F3xx_HAL_Driver/Src/stm32f3xx_hal_i2c_ex.c ****     /* Process Unlocked */
 271:Drivers/STM32F3xx_HAL_Driver/Src/stm32f3xx_hal_i2c_ex.c ****     __HAL_UNLOCK(hi2c);
 370              		.loc 1 271 5 is_stmt 0 discriminator 2 view .LVU122
 371 0032 4FF0000C 		mov	ip, #0
 266:Drivers/STM32F3xx_HAL_Driver/Src/stm32f3xx_hal_i2c_ex.c **** 
 372              		.loc 1 266 5 discriminator 2 view .LVU123
 373 0036 41F00101 		orr	r1, r1, #1
 374 003a 1160     		str	r1, [r2]
 268:Drivers/STM32F3xx_HAL_Driver/Src/stm32f3xx_hal_i2c_ex.c **** 
 375              		.loc 1 268 5 is_stmt 1 discriminator 2 view .LVU124
 268:Drivers/STM32F3xx_HAL_Driver/Src/stm32f3xx_hal_i2c_ex.c **** 
 376              		.loc 1 268 17 is_stmt 0 discriminator 2 view .LVU125
 377 003c 83F841E0 		strb	lr, [r3, #65]
 378              		.loc 1 271 5 is_stmt 1 discriminator 2 view .LVU126
 379              		.loc 1 271 5 discriminator 2 view .LVU127
 380 0040 83F840C0 		strb	ip, [r3, #64]
 381              		.loc 1 271 5 discriminator 2 view .LVU128
 272:Drivers/STM32F3xx_HAL_Driver/Src/stm32f3xx_hal_i2c_ex.c **** 
 273:Drivers/STM32F3xx_HAL_Driver/Src/stm32f3xx_hal_i2c_ex.c ****     return HAL_OK;
 382              		.loc 1 273 5 discriminator 2 view .LVU129
 383              		.loc 1 273 12 is_stmt 0 discriminator 2 view .LVU130
 384 0044 6046     		mov	r0, ip
 385              	.LVL24:
 274:Drivers/STM32F3xx_HAL_Driver/Src/stm32f3xx_hal_i2c_ex.c ****   }
 275:Drivers/STM32F3xx_HAL_Driver/Src/stm32f3xx_hal_i2c_ex.c ****   else
 276:Drivers/STM32F3xx_HAL_Driver/Src/stm32f3xx_hal_i2c_ex.c ****   {
 277:Drivers/STM32F3xx_HAL_Driver/Src/stm32f3xx_hal_i2c_ex.c ****     return HAL_BUSY;
 278:Drivers/STM32F3xx_HAL_Driver/Src/stm32f3xx_hal_i2c_ex.c ****   }
 279:Drivers/STM32F3xx_HAL_Driver/Src/stm32f3xx_hal_i2c_ex.c **** }
ARM GAS  /var/folders/b1/22c950295gx2kqj80tvj8wqc0000gn/T//ccBqSqxt.s 			page 13


 386              		.loc 1 279 1 discriminator 2 view .LVU131
 387 0046 5DF804FB 		ldr	pc, [sp], #4
 388              	.LVL25:
 389              	.L28:
 390              	.LCFI9:
 391              		.cfi_def_cfa_offset 0
 392              		.cfi_restore 14
 277:Drivers/STM32F3xx_HAL_Driver/Src/stm32f3xx_hal_i2c_ex.c ****   }
 393              		.loc 1 277 12 view .LVU132
 394 004a 0220     		movs	r0, #2
 395              	.LVL26:
 396              		.loc 1 279 1 view .LVU133
 397 004c 7047     		bx	lr
 398              	.LVL27:
 399              	.L29:
 400              	.LCFI10:
 401              		.cfi_def_cfa_offset 4
 402              		.cfi_offset 14, -4
 277:Drivers/STM32F3xx_HAL_Driver/Src/stm32f3xx_hal_i2c_ex.c ****   }
 403              		.loc 1 277 12 view .LVU134
 404 004e 0220     		movs	r0, #2
 405              	.LVL28:
 406              		.loc 1 279 1 view .LVU135
 407 0050 5DF804FB 		ldr	pc, [sp], #4
 408              		.cfi_endproc
 409              	.LFE126:
 411              		.section	.text.HAL_I2CEx_EnableFastModePlus,"ax",%progbits
 412              		.align	1
 413              		.p2align 2,,3
 414              		.global	HAL_I2CEx_EnableFastModePlus
 415              		.syntax unified
 416              		.thumb
 417              		.thumb_func
 419              	HAL_I2CEx_EnableFastModePlus:
 420              	.LVL29:
 421              	.LFB127:
 280:Drivers/STM32F3xx_HAL_Driver/Src/stm32f3xx_hal_i2c_ex.c **** /**
 281:Drivers/STM32F3xx_HAL_Driver/Src/stm32f3xx_hal_i2c_ex.c ****   * @}
 282:Drivers/STM32F3xx_HAL_Driver/Src/stm32f3xx_hal_i2c_ex.c ****   */
 283:Drivers/STM32F3xx_HAL_Driver/Src/stm32f3xx_hal_i2c_ex.c **** 
 284:Drivers/STM32F3xx_HAL_Driver/Src/stm32f3xx_hal_i2c_ex.c **** /** @defgroup I2CEx_Exported_Functions_Group3 Fast Mode Plus Functions
 285:Drivers/STM32F3xx_HAL_Driver/Src/stm32f3xx_hal_i2c_ex.c ****   * @brief    Fast Mode Plus Functions
 286:Drivers/STM32F3xx_HAL_Driver/Src/stm32f3xx_hal_i2c_ex.c ****   *
 287:Drivers/STM32F3xx_HAL_Driver/Src/stm32f3xx_hal_i2c_ex.c **** @verbatim
 288:Drivers/STM32F3xx_HAL_Driver/Src/stm32f3xx_hal_i2c_ex.c ****  ===============================================================================
 289:Drivers/STM32F3xx_HAL_Driver/Src/stm32f3xx_hal_i2c_ex.c ****                       ##### Fast Mode Plus Functions #####
 290:Drivers/STM32F3xx_HAL_Driver/Src/stm32f3xx_hal_i2c_ex.c ****  ===============================================================================
 291:Drivers/STM32F3xx_HAL_Driver/Src/stm32f3xx_hal_i2c_ex.c ****     [..] This section provides functions allowing to:
 292:Drivers/STM32F3xx_HAL_Driver/Src/stm32f3xx_hal_i2c_ex.c ****       (+) Configure Fast Mode Plus
 293:Drivers/STM32F3xx_HAL_Driver/Src/stm32f3xx_hal_i2c_ex.c **** 
 294:Drivers/STM32F3xx_HAL_Driver/Src/stm32f3xx_hal_i2c_ex.c **** @endverbatim
 295:Drivers/STM32F3xx_HAL_Driver/Src/stm32f3xx_hal_i2c_ex.c ****   * @{
 296:Drivers/STM32F3xx_HAL_Driver/Src/stm32f3xx_hal_i2c_ex.c ****   */
 297:Drivers/STM32F3xx_HAL_Driver/Src/stm32f3xx_hal_i2c_ex.c **** 
 298:Drivers/STM32F3xx_HAL_Driver/Src/stm32f3xx_hal_i2c_ex.c **** /**
 299:Drivers/STM32F3xx_HAL_Driver/Src/stm32f3xx_hal_i2c_ex.c ****   * @brief Enable the I2C fast mode plus driving capability.
 300:Drivers/STM32F3xx_HAL_Driver/Src/stm32f3xx_hal_i2c_ex.c ****   * @param ConfigFastModePlus Selects the pin.
ARM GAS  /var/folders/b1/22c950295gx2kqj80tvj8wqc0000gn/T//ccBqSqxt.s 			page 14


 301:Drivers/STM32F3xx_HAL_Driver/Src/stm32f3xx_hal_i2c_ex.c ****   *   This parameter can be one of the @ref I2CEx_FastModePlus values
 302:Drivers/STM32F3xx_HAL_Driver/Src/stm32f3xx_hal_i2c_ex.c ****   * @note  For I2C1, fast mode plus driving capability can be enabled on all selected
 303:Drivers/STM32F3xx_HAL_Driver/Src/stm32f3xx_hal_i2c_ex.c ****   *        I2C1 pins using I2C_FASTMODEPLUS_I2C1 parameter or independently
 304:Drivers/STM32F3xx_HAL_Driver/Src/stm32f3xx_hal_i2c_ex.c ****   *        on each one of the following pins PB6, PB7, PB8 and PB9.
 305:Drivers/STM32F3xx_HAL_Driver/Src/stm32f3xx_hal_i2c_ex.c ****   * @note  For remaining I2C1 pins (PA14, PA15...) fast mode plus driving capability
 306:Drivers/STM32F3xx_HAL_Driver/Src/stm32f3xx_hal_i2c_ex.c ****   *        can be enabled only by using I2C_FASTMODEPLUS_I2C1 parameter.
 307:Drivers/STM32F3xx_HAL_Driver/Src/stm32f3xx_hal_i2c_ex.c ****   * @note  For all I2C2 pins fast mode plus driving capability can be enabled
 308:Drivers/STM32F3xx_HAL_Driver/Src/stm32f3xx_hal_i2c_ex.c ****   *        only by using I2C_FASTMODEPLUS_I2C2 parameter.
 309:Drivers/STM32F3xx_HAL_Driver/Src/stm32f3xx_hal_i2c_ex.c ****   * @note  For all I2C3 pins fast mode plus driving capability can be enabled
 310:Drivers/STM32F3xx_HAL_Driver/Src/stm32f3xx_hal_i2c_ex.c ****   *        only by using I2C_FASTMODEPLUS_I2C3 parameter.
 311:Drivers/STM32F3xx_HAL_Driver/Src/stm32f3xx_hal_i2c_ex.c ****   * @retval None
 312:Drivers/STM32F3xx_HAL_Driver/Src/stm32f3xx_hal_i2c_ex.c ****   */
 313:Drivers/STM32F3xx_HAL_Driver/Src/stm32f3xx_hal_i2c_ex.c **** void HAL_I2CEx_EnableFastModePlus(uint32_t ConfigFastModePlus)
 314:Drivers/STM32F3xx_HAL_Driver/Src/stm32f3xx_hal_i2c_ex.c **** {
 422              		.loc 1 314 1 is_stmt 1 view -0
 423              		.cfi_startproc
 424              		@ args = 0, pretend = 0, frame = 8
 425              		@ frame_needed = 0, uses_anonymous_args = 0
 426              		@ link register save eliminated.
 315:Drivers/STM32F3xx_HAL_Driver/Src/stm32f3xx_hal_i2c_ex.c ****   /* Check the parameter */
 316:Drivers/STM32F3xx_HAL_Driver/Src/stm32f3xx_hal_i2c_ex.c ****   assert_param(IS_I2C_FASTMODEPLUS(ConfigFastModePlus));
 427              		.loc 1 316 3 view .LVU137
 317:Drivers/STM32F3xx_HAL_Driver/Src/stm32f3xx_hal_i2c_ex.c **** 
 318:Drivers/STM32F3xx_HAL_Driver/Src/stm32f3xx_hal_i2c_ex.c ****   /* Enable SYSCFG clock */
 319:Drivers/STM32F3xx_HAL_Driver/Src/stm32f3xx_hal_i2c_ex.c ****   __HAL_RCC_SYSCFG_CLK_ENABLE();
 428              		.loc 1 319 3 view .LVU138
 429              	.LBB2:
 430              		.loc 1 319 3 view .LVU139
 431              		.loc 1 319 3 view .LVU140
 432 0000 084B     		ldr	r3, .L36
 433              	.LBE2:
 320:Drivers/STM32F3xx_HAL_Driver/Src/stm32f3xx_hal_i2c_ex.c **** 
 321:Drivers/STM32F3xx_HAL_Driver/Src/stm32f3xx_hal_i2c_ex.c ****   /* Enable fast mode plus driving capability for selected pin */
 322:Drivers/STM32F3xx_HAL_Driver/Src/stm32f3xx_hal_i2c_ex.c ****   SET_BIT(SYSCFG->CFGR1, (uint32_t)ConfigFastModePlus);
 434              		.loc 1 322 3 is_stmt 0 view .LVU141
 435 0002 0949     		ldr	r1, .L36+4
 436              	.LBB3:
 319:Drivers/STM32F3xx_HAL_Driver/Src/stm32f3xx_hal_i2c_ex.c **** 
 437              		.loc 1 319 3 view .LVU142
 438 0004 9A69     		ldr	r2, [r3, #24]
 439 0006 42F00102 		orr	r2, r2, #1
 440 000a 9A61     		str	r2, [r3, #24]
 319:Drivers/STM32F3xx_HAL_Driver/Src/stm32f3xx_hal_i2c_ex.c **** 
 441              		.loc 1 319 3 is_stmt 1 view .LVU143
 442 000c 9B69     		ldr	r3, [r3, #24]
 443              	.LBE3:
 314:Drivers/STM32F3xx_HAL_Driver/Src/stm32f3xx_hal_i2c_ex.c ****   /* Check the parameter */
 444              		.loc 1 314 1 is_stmt 0 view .LVU144
 445 000e 82B0     		sub	sp, sp, #8
 446              	.LCFI11:
 447              		.cfi_def_cfa_offset 8
 448              	.LBB4:
 319:Drivers/STM32F3xx_HAL_Driver/Src/stm32f3xx_hal_i2c_ex.c **** 
 449              		.loc 1 319 3 view .LVU145
 450 0010 03F00103 		and	r3, r3, #1
 451 0014 0193     		str	r3, [sp, #4]
 319:Drivers/STM32F3xx_HAL_Driver/Src/stm32f3xx_hal_i2c_ex.c **** 
ARM GAS  /var/folders/b1/22c950295gx2kqj80tvj8wqc0000gn/T//ccBqSqxt.s 			page 15


 452              		.loc 1 319 3 is_stmt 1 view .LVU146
 453 0016 019B     		ldr	r3, [sp, #4]
 454              	.LBE4:
 319:Drivers/STM32F3xx_HAL_Driver/Src/stm32f3xx_hal_i2c_ex.c **** 
 455              		.loc 1 319 3 view .LVU147
 456              		.loc 1 322 3 view .LVU148
 457 0018 0B68     		ldr	r3, [r1]
 458 001a 1843     		orrs	r0, r0, r3
 459              	.LVL30:
 460              		.loc 1 322 3 is_stmt 0 view .LVU149
 461 001c 0860     		str	r0, [r1]
 323:Drivers/STM32F3xx_HAL_Driver/Src/stm32f3xx_hal_i2c_ex.c **** }
 462              		.loc 1 323 1 view .LVU150
 463 001e 02B0     		add	sp, sp, #8
 464              	.LCFI12:
 465              		.cfi_def_cfa_offset 0
 466              		@ sp needed
 467 0020 7047     		bx	lr
 468              	.L37:
 469 0022 00BF     		.align	2
 470              	.L36:
 471 0024 00100240 		.word	1073876992
 472 0028 00000140 		.word	1073807360
 473              		.cfi_endproc
 474              	.LFE127:
 476              		.section	.text.HAL_I2CEx_DisableFastModePlus,"ax",%progbits
 477              		.align	1
 478              		.p2align 2,,3
 479              		.global	HAL_I2CEx_DisableFastModePlus
 480              		.syntax unified
 481              		.thumb
 482              		.thumb_func
 484              	HAL_I2CEx_DisableFastModePlus:
 485              	.LVL31:
 486              	.LFB128:
 324:Drivers/STM32F3xx_HAL_Driver/Src/stm32f3xx_hal_i2c_ex.c **** 
 325:Drivers/STM32F3xx_HAL_Driver/Src/stm32f3xx_hal_i2c_ex.c **** /**
 326:Drivers/STM32F3xx_HAL_Driver/Src/stm32f3xx_hal_i2c_ex.c ****   * @brief Disable the I2C fast mode plus driving capability.
 327:Drivers/STM32F3xx_HAL_Driver/Src/stm32f3xx_hal_i2c_ex.c ****   * @param ConfigFastModePlus Selects the pin.
 328:Drivers/STM32F3xx_HAL_Driver/Src/stm32f3xx_hal_i2c_ex.c ****   *   This parameter can be one of the @ref I2CEx_FastModePlus values
 329:Drivers/STM32F3xx_HAL_Driver/Src/stm32f3xx_hal_i2c_ex.c ****   * @note  For I2C1, fast mode plus driving capability can be disabled on all selected
 330:Drivers/STM32F3xx_HAL_Driver/Src/stm32f3xx_hal_i2c_ex.c ****   *        I2C1 pins using I2C_FASTMODEPLUS_I2C1 parameter or independently
 331:Drivers/STM32F3xx_HAL_Driver/Src/stm32f3xx_hal_i2c_ex.c ****   *        on each one of the following pins PB6, PB7, PB8 and PB9.
 332:Drivers/STM32F3xx_HAL_Driver/Src/stm32f3xx_hal_i2c_ex.c ****   * @note  For remaining I2C1 pins (PA14, PA15...) fast mode plus driving capability
 333:Drivers/STM32F3xx_HAL_Driver/Src/stm32f3xx_hal_i2c_ex.c ****   *        can be disabled only by using I2C_FASTMODEPLUS_I2C1 parameter.
 334:Drivers/STM32F3xx_HAL_Driver/Src/stm32f3xx_hal_i2c_ex.c ****   * @note  For all I2C2 pins fast mode plus driving capability can be disabled
 335:Drivers/STM32F3xx_HAL_Driver/Src/stm32f3xx_hal_i2c_ex.c ****   *        only by using I2C_FASTMODEPLUS_I2C2 parameter.
 336:Drivers/STM32F3xx_HAL_Driver/Src/stm32f3xx_hal_i2c_ex.c ****   * @note  For all I2C3 pins fast mode plus driving capability can be disabled
 337:Drivers/STM32F3xx_HAL_Driver/Src/stm32f3xx_hal_i2c_ex.c ****   *        only by using I2C_FASTMODEPLUS_I2C3 parameter.
 338:Drivers/STM32F3xx_HAL_Driver/Src/stm32f3xx_hal_i2c_ex.c ****   * @retval None
 339:Drivers/STM32F3xx_HAL_Driver/Src/stm32f3xx_hal_i2c_ex.c ****   */
 340:Drivers/STM32F3xx_HAL_Driver/Src/stm32f3xx_hal_i2c_ex.c **** void HAL_I2CEx_DisableFastModePlus(uint32_t ConfigFastModePlus)
 341:Drivers/STM32F3xx_HAL_Driver/Src/stm32f3xx_hal_i2c_ex.c **** {
 487              		.loc 1 341 1 is_stmt 1 view -0
 488              		.cfi_startproc
 489              		@ args = 0, pretend = 0, frame = 8
 490              		@ frame_needed = 0, uses_anonymous_args = 0
ARM GAS  /var/folders/b1/22c950295gx2kqj80tvj8wqc0000gn/T//ccBqSqxt.s 			page 16


 491              		@ link register save eliminated.
 342:Drivers/STM32F3xx_HAL_Driver/Src/stm32f3xx_hal_i2c_ex.c ****   /* Check the parameter */
 343:Drivers/STM32F3xx_HAL_Driver/Src/stm32f3xx_hal_i2c_ex.c ****   assert_param(IS_I2C_FASTMODEPLUS(ConfigFastModePlus));
 492              		.loc 1 343 3 view .LVU152
 344:Drivers/STM32F3xx_HAL_Driver/Src/stm32f3xx_hal_i2c_ex.c **** 
 345:Drivers/STM32F3xx_HAL_Driver/Src/stm32f3xx_hal_i2c_ex.c ****   /* Enable SYSCFG clock */
 346:Drivers/STM32F3xx_HAL_Driver/Src/stm32f3xx_hal_i2c_ex.c ****   __HAL_RCC_SYSCFG_CLK_ENABLE();
 493              		.loc 1 346 3 view .LVU153
 494              	.LBB5:
 495              		.loc 1 346 3 view .LVU154
 496              		.loc 1 346 3 view .LVU155
 497 0000 084B     		ldr	r3, .L40
 498              	.LBE5:
 347:Drivers/STM32F3xx_HAL_Driver/Src/stm32f3xx_hal_i2c_ex.c **** 
 348:Drivers/STM32F3xx_HAL_Driver/Src/stm32f3xx_hal_i2c_ex.c ****   /* Disable fast mode plus driving capability for selected pin */
 349:Drivers/STM32F3xx_HAL_Driver/Src/stm32f3xx_hal_i2c_ex.c ****   CLEAR_BIT(SYSCFG->CFGR1, (uint32_t)ConfigFastModePlus);
 499              		.loc 1 349 3 is_stmt 0 view .LVU156
 500 0002 0949     		ldr	r1, .L40+4
 501              	.LBB6:
 346:Drivers/STM32F3xx_HAL_Driver/Src/stm32f3xx_hal_i2c_ex.c **** 
 502              		.loc 1 346 3 view .LVU157
 503 0004 9A69     		ldr	r2, [r3, #24]
 504 0006 42F00102 		orr	r2, r2, #1
 505 000a 9A61     		str	r2, [r3, #24]
 346:Drivers/STM32F3xx_HAL_Driver/Src/stm32f3xx_hal_i2c_ex.c **** 
 506              		.loc 1 346 3 is_stmt 1 view .LVU158
 507 000c 9B69     		ldr	r3, [r3, #24]
 508              	.LBE6:
 341:Drivers/STM32F3xx_HAL_Driver/Src/stm32f3xx_hal_i2c_ex.c ****   /* Check the parameter */
 509              		.loc 1 341 1 is_stmt 0 view .LVU159
 510 000e 82B0     		sub	sp, sp, #8
 511              	.LCFI13:
 512              		.cfi_def_cfa_offset 8
 513              	.LBB7:
 346:Drivers/STM32F3xx_HAL_Driver/Src/stm32f3xx_hal_i2c_ex.c **** 
 514              		.loc 1 346 3 view .LVU160
 515 0010 03F00103 		and	r3, r3, #1
 516 0014 0193     		str	r3, [sp, #4]
 346:Drivers/STM32F3xx_HAL_Driver/Src/stm32f3xx_hal_i2c_ex.c **** 
 517              		.loc 1 346 3 is_stmt 1 view .LVU161
 518 0016 019B     		ldr	r3, [sp, #4]
 519              	.LBE7:
 346:Drivers/STM32F3xx_HAL_Driver/Src/stm32f3xx_hal_i2c_ex.c **** 
 520              		.loc 1 346 3 view .LVU162
 521              		.loc 1 349 3 view .LVU163
 522 0018 0B68     		ldr	r3, [r1]
 523 001a 23EA0000 		bic	r0, r3, r0
 524              	.LVL32:
 525              		.loc 1 349 3 is_stmt 0 view .LVU164
 526 001e 0860     		str	r0, [r1]
 350:Drivers/STM32F3xx_HAL_Driver/Src/stm32f3xx_hal_i2c_ex.c **** }
 527              		.loc 1 350 1 view .LVU165
 528 0020 02B0     		add	sp, sp, #8
 529              	.LCFI14:
 530              		.cfi_def_cfa_offset 0
 531              		@ sp needed
 532 0022 7047     		bx	lr
ARM GAS  /var/folders/b1/22c950295gx2kqj80tvj8wqc0000gn/T//ccBqSqxt.s 			page 17


 533              	.L41:
 534              		.align	2
 535              	.L40:
 536 0024 00100240 		.word	1073876992
 537 0028 00000140 		.word	1073807360
 538              		.cfi_endproc
 539              	.LFE128:
 541              		.text
 542              	.Letext0:
 543              		.file 2 "/Applications/ArmGNUToolchain/11.3.rel1/arm-none-eabi/arm-none-eabi/include/machine/_defa
 544              		.file 3 "/Applications/ArmGNUToolchain/11.3.rel1/arm-none-eabi/arm-none-eabi/include/sys/_stdint.h
 545              		.file 4 "Drivers/CMSIS/Device/ST/STM32F3xx/Include/stm32f334x8.h"
 546              		.file 5 "Drivers/STM32F3xx_HAL_Driver/Inc/stm32f3xx_hal_def.h"
 547              		.file 6 "Drivers/STM32F3xx_HAL_Driver/Inc/stm32f3xx_hal_dma.h"
 548              		.file 7 "Drivers/STM32F3xx_HAL_Driver/Inc/stm32f3xx_hal_i2c.h"
ARM GAS  /var/folders/b1/22c950295gx2kqj80tvj8wqc0000gn/T//ccBqSqxt.s 			page 18


DEFINED SYMBOLS
                            *ABS*:0000000000000000 stm32f3xx_hal_i2c_ex.c
/var/folders/b1/22c950295gx2kqj80tvj8wqc0000gn/T//ccBqSqxt.s:20     .text.HAL_I2CEx_ConfigAnalogFilter:0000000000000000 $t
/var/folders/b1/22c950295gx2kqj80tvj8wqc0000gn/T//ccBqSqxt.s:27     .text.HAL_I2CEx_ConfigAnalogFilter:0000000000000000 HAL_I2CEx_ConfigAnalogFilter
/var/folders/b1/22c950295gx2kqj80tvj8wqc0000gn/T//ccBqSqxt.s:114    .text.HAL_I2CEx_ConfigDigitalFilter:0000000000000000 $t
/var/folders/b1/22c950295gx2kqj80tvj8wqc0000gn/T//ccBqSqxt.s:121    .text.HAL_I2CEx_ConfigDigitalFilter:0000000000000000 HAL_I2CEx_ConfigDigitalFilter
/var/folders/b1/22c950295gx2kqj80tvj8wqc0000gn/T//ccBqSqxt.s:224    .text.HAL_I2CEx_EnableWakeUp:0000000000000000 $t
/var/folders/b1/22c950295gx2kqj80tvj8wqc0000gn/T//ccBqSqxt.s:231    .text.HAL_I2CEx_EnableWakeUp:0000000000000000 HAL_I2CEx_EnableWakeUp
/var/folders/b1/22c950295gx2kqj80tvj8wqc0000gn/T//ccBqSqxt.s:318    .text.HAL_I2CEx_DisableWakeUp:0000000000000000 $t
/var/folders/b1/22c950295gx2kqj80tvj8wqc0000gn/T//ccBqSqxt.s:325    .text.HAL_I2CEx_DisableWakeUp:0000000000000000 HAL_I2CEx_DisableWakeUp
/var/folders/b1/22c950295gx2kqj80tvj8wqc0000gn/T//ccBqSqxt.s:412    .text.HAL_I2CEx_EnableFastModePlus:0000000000000000 $t
/var/folders/b1/22c950295gx2kqj80tvj8wqc0000gn/T//ccBqSqxt.s:419    .text.HAL_I2CEx_EnableFastModePlus:0000000000000000 HAL_I2CEx_EnableFastModePlus
/var/folders/b1/22c950295gx2kqj80tvj8wqc0000gn/T//ccBqSqxt.s:471    .text.HAL_I2CEx_EnableFastModePlus:0000000000000024 $d
/var/folders/b1/22c950295gx2kqj80tvj8wqc0000gn/T//ccBqSqxt.s:477    .text.HAL_I2CEx_DisableFastModePlus:0000000000000000 $t
/var/folders/b1/22c950295gx2kqj80tvj8wqc0000gn/T//ccBqSqxt.s:484    .text.HAL_I2CEx_DisableFastModePlus:0000000000000000 HAL_I2CEx_DisableFastModePlus
/var/folders/b1/22c950295gx2kqj80tvj8wqc0000gn/T//ccBqSqxt.s:536    .text.HAL_I2CEx_DisableFastModePlus:0000000000000024 $d

NO UNDEFINED SYMBOLS
