ARM GAS  /var/folders/b1/22c950295gx2kqj80tvj8wqc0000gn/T//ccyMC1OO.s 			page 1


   1              		.cpu cortex-m4
   2              		.arch armv7e-m
   3              		.fpu fpv4-sp-d16
   4              		.eabi_attribute 27, 1
   5              		.eabi_attribute 28, 1
   6              		.eabi_attribute 20, 1
   7              		.eabi_attribute 21, 1
   8              		.eabi_attribute 23, 3
   9              		.eabi_attribute 24, 1
  10              		.eabi_attribute 25, 1
  11              		.eabi_attribute 26, 1
  12              		.eabi_attribute 30, 2
  13              		.eabi_attribute 34, 1
  14              		.eabi_attribute 18, 4
  15              		.file	"stm32f3xx_hal_timebase_tim.c"
  16              		.text
  17              	.Ltext0:
  18              		.cfi_sections	.debug_frame
  19              		.section	.text.HAL_InitTick,"ax",%progbits
  20              		.align	1
  21              		.p2align 2,,3
  22              		.global	HAL_InitTick
  23              		.syntax unified
  24              		.thumb
  25              		.thumb_func
  27              	HAL_InitTick:
  28              	.LVL0:
  29              	.LFB123:
  30              		.file 1 "Src/stm32f3xx_hal_timebase_tim.c"
   1:Src/stm32f3xx_hal_timebase_tim.c **** /* USER CODE BEGIN Header */
   2:Src/stm32f3xx_hal_timebase_tim.c **** /**
   3:Src/stm32f3xx_hal_timebase_tim.c ****   ******************************************************************************
   4:Src/stm32f3xx_hal_timebase_tim.c ****   * @file    stm32f3xx_hal_timebase_TIM.c
   5:Src/stm32f3xx_hal_timebase_tim.c ****   * @brief   HAL time base based on the hardware TIM.
   6:Src/stm32f3xx_hal_timebase_tim.c ****   ******************************************************************************
   7:Src/stm32f3xx_hal_timebase_tim.c ****   * @attention
   8:Src/stm32f3xx_hal_timebase_tim.c ****   *
   9:Src/stm32f3xx_hal_timebase_tim.c ****   * Copyright (c) 2022 STMicroelectronics.
  10:Src/stm32f3xx_hal_timebase_tim.c ****   * All rights reserved.
  11:Src/stm32f3xx_hal_timebase_tim.c ****   *
  12:Src/stm32f3xx_hal_timebase_tim.c ****   * This software is licensed under terms that can be found in the LICENSE file
  13:Src/stm32f3xx_hal_timebase_tim.c ****   * in the root directory of this software component.
  14:Src/stm32f3xx_hal_timebase_tim.c ****   * If no LICENSE file comes with this software, it is provided AS-IS.
  15:Src/stm32f3xx_hal_timebase_tim.c ****   *
  16:Src/stm32f3xx_hal_timebase_tim.c ****   ******************************************************************************
  17:Src/stm32f3xx_hal_timebase_tim.c ****   */
  18:Src/stm32f3xx_hal_timebase_tim.c **** /* USER CODE END Header */
  19:Src/stm32f3xx_hal_timebase_tim.c **** 
  20:Src/stm32f3xx_hal_timebase_tim.c **** /* Includes ------------------------------------------------------------------*/
  21:Src/stm32f3xx_hal_timebase_tim.c **** #include "stm32f3xx_hal.h"
  22:Src/stm32f3xx_hal_timebase_tim.c **** #include "stm32f3xx_hal_tim.h"
  23:Src/stm32f3xx_hal_timebase_tim.c **** 
  24:Src/stm32f3xx_hal_timebase_tim.c **** /* Private typedef -----------------------------------------------------------*/
  25:Src/stm32f3xx_hal_timebase_tim.c **** /* Private define ------------------------------------------------------------*/
  26:Src/stm32f3xx_hal_timebase_tim.c **** /* Private macro -------------------------------------------------------------*/
  27:Src/stm32f3xx_hal_timebase_tim.c **** /* Private variables ---------------------------------------------------------*/
  28:Src/stm32f3xx_hal_timebase_tim.c **** TIM_HandleTypeDef        htim7;
ARM GAS  /var/folders/b1/22c950295gx2kqj80tvj8wqc0000gn/T//ccyMC1OO.s 			page 2


  29:Src/stm32f3xx_hal_timebase_tim.c **** /* Private function prototypes -----------------------------------------------*/
  30:Src/stm32f3xx_hal_timebase_tim.c **** /* Private functions ---------------------------------------------------------*/
  31:Src/stm32f3xx_hal_timebase_tim.c **** 
  32:Src/stm32f3xx_hal_timebase_tim.c **** /**
  33:Src/stm32f3xx_hal_timebase_tim.c ****   * @brief  This function configures the TIM7 as a time base source.
  34:Src/stm32f3xx_hal_timebase_tim.c ****   *         The time source is configured  to have 1ms time base with a dedicated
  35:Src/stm32f3xx_hal_timebase_tim.c ****   *         Tick interrupt priority.
  36:Src/stm32f3xx_hal_timebase_tim.c ****   * @note   This function is called  automatically at the beginning of program after
  37:Src/stm32f3xx_hal_timebase_tim.c ****   *         reset by HAL_Init() or at any time when clock is configured, by HAL_RCC_ClockConfig().
  38:Src/stm32f3xx_hal_timebase_tim.c ****   * @param  TickPriority: Tick interrupt priority.
  39:Src/stm32f3xx_hal_timebase_tim.c ****   * @retval HAL status
  40:Src/stm32f3xx_hal_timebase_tim.c ****   */
  41:Src/stm32f3xx_hal_timebase_tim.c **** HAL_StatusTypeDef HAL_InitTick(uint32_t TickPriority)
  42:Src/stm32f3xx_hal_timebase_tim.c **** {
  31              		.loc 1 42 1 view -0
  32              		.cfi_startproc
  33              		@ args = 0, pretend = 0, frame = 32
  34              		@ frame_needed = 0, uses_anonymous_args = 0
  43:Src/stm32f3xx_hal_timebase_tim.c ****   RCC_ClkInitTypeDef    clkconfig;
  35              		.loc 1 43 3 view .LVU1
  44:Src/stm32f3xx_hal_timebase_tim.c ****   uint32_t              uwTimclock, uwAPB1Prescaler = 0U;
  36              		.loc 1 44 3 view .LVU2
  45:Src/stm32f3xx_hal_timebase_tim.c **** 
  46:Src/stm32f3xx_hal_timebase_tim.c ****   uint32_t              uwPrescalerValue = 0U;
  37              		.loc 1 46 3 view .LVU3
  47:Src/stm32f3xx_hal_timebase_tim.c ****   uint32_t              pFLatency;
  38              		.loc 1 47 3 view .LVU4
  48:Src/stm32f3xx_hal_timebase_tim.c ****   HAL_StatusTypeDef     status;
  39              		.loc 1 48 3 view .LVU5
  49:Src/stm32f3xx_hal_timebase_tim.c **** 
  50:Src/stm32f3xx_hal_timebase_tim.c ****   /* Enable TIM7 clock */
  51:Src/stm32f3xx_hal_timebase_tim.c ****   __HAL_RCC_TIM7_CLK_ENABLE();
  40              		.loc 1 51 3 view .LVU6
  41              	.LBB2:
  42              		.loc 1 51 3 view .LVU7
  43              		.loc 1 51 3 view .LVU8
  44 0000 234B     		ldr	r3, .L10
  45              	.LBE2:
  42:Src/stm32f3xx_hal_timebase_tim.c ****   RCC_ClkInitTypeDef    clkconfig;
  46              		.loc 1 42 1 is_stmt 0 view .LVU9
  47 0002 70B5     		push	{r4, r5, r6, lr}
  48              	.LCFI0:
  49              		.cfi_def_cfa_offset 16
  50              		.cfi_offset 4, -16
  51              		.cfi_offset 5, -12
  52              		.cfi_offset 6, -8
  53              		.cfi_offset 14, -4
  54              	.LBB3:
  55              		.loc 1 51 3 view .LVU10
  56 0004 DA69     		ldr	r2, [r3, #28]
  57 0006 42F02002 		orr	r2, r2, #32
  58 000a DA61     		str	r2, [r3, #28]
  59              		.loc 1 51 3 is_stmt 1 view .LVU11
  60 000c DB69     		ldr	r3, [r3, #28]
  61              	.LBE3:
  42:Src/stm32f3xx_hal_timebase_tim.c ****   RCC_ClkInitTypeDef    clkconfig;
  62              		.loc 1 42 1 is_stmt 0 view .LVU12
ARM GAS  /var/folders/b1/22c950295gx2kqj80tvj8wqc0000gn/T//ccyMC1OO.s 			page 3


  63 000e 88B0     		sub	sp, sp, #32
  64              	.LCFI1:
  65              		.cfi_def_cfa_offset 48
  66              	.LBB4:
  67              		.loc 1 51 3 view .LVU13
  68 0010 03F02003 		and	r3, r3, #32
  69 0014 0293     		str	r3, [sp, #8]
  70              		.loc 1 51 3 is_stmt 1 view .LVU14
  71              	.LBE4:
  42:Src/stm32f3xx_hal_timebase_tim.c ****   RCC_ClkInitTypeDef    clkconfig;
  72              		.loc 1 42 1 is_stmt 0 view .LVU15
  73 0016 0546     		mov	r5, r0
  52:Src/stm32f3xx_hal_timebase_tim.c **** 
  53:Src/stm32f3xx_hal_timebase_tim.c ****   /* Get clock configuration */
  54:Src/stm32f3xx_hal_timebase_tim.c ****   HAL_RCC_GetClockConfig(&clkconfig, &pFLatency);
  74              		.loc 1 54 3 view .LVU16
  75 0018 01A9     		add	r1, sp, #4
  76 001a 03A8     		add	r0, sp, #12
  77              	.LVL1:
  78              	.LBB5:
  51:Src/stm32f3xx_hal_timebase_tim.c **** 
  79              		.loc 1 51 3 view .LVU17
  80 001c 029B     		ldr	r3, [sp, #8]
  81              	.LBE5:
  51:Src/stm32f3xx_hal_timebase_tim.c **** 
  82              		.loc 1 51 3 is_stmt 1 view .LVU18
  83              		.loc 1 54 3 view .LVU19
  84 001e FFF7FEFF 		bl	HAL_RCC_GetClockConfig
  85              	.LVL2:
  55:Src/stm32f3xx_hal_timebase_tim.c **** 
  56:Src/stm32f3xx_hal_timebase_tim.c ****   /* Get APB1 prescaler */
  57:Src/stm32f3xx_hal_timebase_tim.c ****   uwAPB1Prescaler = clkconfig.APB1CLKDivider;
  86              		.loc 1 57 3 view .LVU20
  58:Src/stm32f3xx_hal_timebase_tim.c ****   /* Compute TIM7 clock */
  59:Src/stm32f3xx_hal_timebase_tim.c ****   if (uwAPB1Prescaler == RCC_HCLK_DIV1)
  87              		.loc 1 59 3 view .LVU21
  88              		.loc 1 59 6 is_stmt 0 view .LVU22
  89 0022 069B     		ldr	r3, [sp, #24]
  90 0024 D3B9     		cbnz	r3, .L2
  60:Src/stm32f3xx_hal_timebase_tim.c ****   {
  61:Src/stm32f3xx_hal_timebase_tim.c ****     uwTimclock = HAL_RCC_GetPCLK1Freq();
  91              		.loc 1 61 5 is_stmt 1 view .LVU23
  92              		.loc 1 61 18 is_stmt 0 view .LVU24
  93 0026 FFF7FEFF 		bl	HAL_RCC_GetPCLK1Freq
  94              	.LVL3:
  95              		.loc 1 61 18 view .LVU25
  96 002a 0346     		mov	r3, r0
  97              	.LVL4:
  98              	.L3:
  62:Src/stm32f3xx_hal_timebase_tim.c ****   }
  63:Src/stm32f3xx_hal_timebase_tim.c ****   else
  64:Src/stm32f3xx_hal_timebase_tim.c ****   {
  65:Src/stm32f3xx_hal_timebase_tim.c ****     uwTimclock = 2UL * HAL_RCC_GetPCLK1Freq();
  66:Src/stm32f3xx_hal_timebase_tim.c ****   }
  67:Src/stm32f3xx_hal_timebase_tim.c **** 
  68:Src/stm32f3xx_hal_timebase_tim.c ****   /* Compute the prescaler value to have TIM7 counter clock equal to 1MHz */
  69:Src/stm32f3xx_hal_timebase_tim.c ****   uwPrescalerValue = (uint32_t) ((uwTimclock / 1000000U) - 1U);
ARM GAS  /var/folders/b1/22c950295gx2kqj80tvj8wqc0000gn/T//ccyMC1OO.s 			page 4


  99              		.loc 1 69 3 is_stmt 1 view .LVU26
  70:Src/stm32f3xx_hal_timebase_tim.c **** 
  71:Src/stm32f3xx_hal_timebase_tim.c ****   /* Initialize TIM7 */
  72:Src/stm32f3xx_hal_timebase_tim.c ****   htim7.Instance = TIM7;
 100              		.loc 1 72 3 view .LVU27
  69:Src/stm32f3xx_hal_timebase_tim.c **** 
 101              		.loc 1 69 46 is_stmt 0 view .LVU28
 102 002c 194A     		ldr	r2, .L10+4
 103              		.loc 1 72 18 view .LVU29
 104 002e 1A4C     		ldr	r4, .L10+8
 105 0030 1A49     		ldr	r1, .L10+12
  69:Src/stm32f3xx_hal_timebase_tim.c **** 
 106              		.loc 1 69 46 view .LVU30
 107 0032 A2FB0323 		umull	r2, r3, r2, r3
 108              	.LVL5:
  69:Src/stm32f3xx_hal_timebase_tim.c **** 
 109              		.loc 1 69 46 view .LVU31
 110 0036 9B0C     		lsrs	r3, r3, #18
  69:Src/stm32f3xx_hal_timebase_tim.c **** 
 111              		.loc 1 69 20 view .LVU32
 112 0038 013B     		subs	r3, r3, #1
  73:Src/stm32f3xx_hal_timebase_tim.c **** 
  74:Src/stm32f3xx_hal_timebase_tim.c ****   /* Initialize TIMx peripheral as follow:
  75:Src/stm32f3xx_hal_timebase_tim.c ****   + Period = [(TIM7CLK/1000) - 1]. to have a (1/1000) s time base.
  76:Src/stm32f3xx_hal_timebase_tim.c ****   + Prescaler = (uwTimclock/1000000 - 1) to have a 1MHz counter clock.
  77:Src/stm32f3xx_hal_timebase_tim.c ****   + ClockDivision = 0
  78:Src/stm32f3xx_hal_timebase_tim.c ****   + Counter direction = Up
  79:Src/stm32f3xx_hal_timebase_tim.c ****   */
  80:Src/stm32f3xx_hal_timebase_tim.c ****   htim7.Init.Period = (1000000U / 1000U) - 1U;
  81:Src/stm32f3xx_hal_timebase_tim.c ****   htim7.Init.Prescaler = uwPrescalerValue;
  82:Src/stm32f3xx_hal_timebase_tim.c ****   htim7.Init.ClockDivision = 0;
 113              		.loc 1 82 28 view .LVU33
 114 003a 0022     		movs	r2, #0
  81:Src/stm32f3xx_hal_timebase_tim.c ****   htim7.Init.ClockDivision = 0;
 115              		.loc 1 81 24 view .LVU34
 116 003c C4E90013 		strd	r1, r3, [r4]
  83:Src/stm32f3xx_hal_timebase_tim.c ****   htim7.Init.CounterMode = TIM_COUNTERMODE_UP;
  84:Src/stm32f3xx_hal_timebase_tim.c ****   htim7.Init.AutoReloadPreload = TIM_AUTORELOAD_PRELOAD_DISABLE;
  85:Src/stm32f3xx_hal_timebase_tim.c **** 
  86:Src/stm32f3xx_hal_timebase_tim.c ****   status = HAL_TIM_Base_Init(&htim7);
 117              		.loc 1 86 12 view .LVU35
 118 0040 2046     		mov	r0, r4
  80:Src/stm32f3xx_hal_timebase_tim.c ****   htim7.Init.Prescaler = uwPrescalerValue;
 119              		.loc 1 80 21 view .LVU36
 120 0042 40F2E733 		movw	r3, #999
  82:Src/stm32f3xx_hal_timebase_tim.c ****   htim7.Init.CounterMode = TIM_COUNTERMODE_UP;
 121              		.loc 1 82 28 view .LVU37
 122 0046 2261     		str	r2, [r4, #16]
  83:Src/stm32f3xx_hal_timebase_tim.c ****   htim7.Init.CounterMode = TIM_COUNTERMODE_UP;
 123              		.loc 1 83 26 view .LVU38
 124 0048 A260     		str	r2, [r4, #8]
  84:Src/stm32f3xx_hal_timebase_tim.c **** 
 125              		.loc 1 84 32 view .LVU39
 126 004a A261     		str	r2, [r4, #24]
  80:Src/stm32f3xx_hal_timebase_tim.c ****   htim7.Init.Prescaler = uwPrescalerValue;
 127              		.loc 1 80 21 view .LVU40
 128 004c E360     		str	r3, [r4, #12]
ARM GAS  /var/folders/b1/22c950295gx2kqj80tvj8wqc0000gn/T//ccyMC1OO.s 			page 5


  81:Src/stm32f3xx_hal_timebase_tim.c ****   htim7.Init.ClockDivision = 0;
 129              		.loc 1 81 3 is_stmt 1 view .LVU41
  82:Src/stm32f3xx_hal_timebase_tim.c ****   htim7.Init.CounterMode = TIM_COUNTERMODE_UP;
 130              		.loc 1 82 3 view .LVU42
  83:Src/stm32f3xx_hal_timebase_tim.c ****   htim7.Init.AutoReloadPreload = TIM_AUTORELOAD_PRELOAD_DISABLE;
 131              		.loc 1 83 3 view .LVU43
  84:Src/stm32f3xx_hal_timebase_tim.c **** 
 132              		.loc 1 84 3 view .LVU44
 133              		.loc 1 86 3 view .LVU45
 134              		.loc 1 86 12 is_stmt 0 view .LVU46
 135 004e FFF7FEFF 		bl	HAL_TIM_Base_Init
 136              	.LVL6:
  87:Src/stm32f3xx_hal_timebase_tim.c ****   if (status == HAL_OK)
 137              		.loc 1 87 3 is_stmt 1 view .LVU47
 138              		.loc 1 87 6 is_stmt 0 view .LVU48
 139 0052 0646     		mov	r6, r0
 140 0054 30B1     		cbz	r0, .L8
 141              	.LVL7:
 142              	.L4:
  88:Src/stm32f3xx_hal_timebase_tim.c ****   {
  89:Src/stm32f3xx_hal_timebase_tim.c ****     /* Start the TIM time Base generation in interrupt mode */
  90:Src/stm32f3xx_hal_timebase_tim.c ****     status = HAL_TIM_Base_Start_IT(&htim7);
  91:Src/stm32f3xx_hal_timebase_tim.c ****     if (status == HAL_OK)
  92:Src/stm32f3xx_hal_timebase_tim.c ****     {
  93:Src/stm32f3xx_hal_timebase_tim.c ****     /* Enable the TIM7 global Interrupt */
  94:Src/stm32f3xx_hal_timebase_tim.c ****         HAL_NVIC_EnableIRQ(TIM7_DAC2_IRQn);
  95:Src/stm32f3xx_hal_timebase_tim.c ****       /* Configure the SysTick IRQ priority */
  96:Src/stm32f3xx_hal_timebase_tim.c ****       if (TickPriority < (1UL << __NVIC_PRIO_BITS))
  97:Src/stm32f3xx_hal_timebase_tim.c ****       {
  98:Src/stm32f3xx_hal_timebase_tim.c ****         /* Configure the TIM IRQ priority */
  99:Src/stm32f3xx_hal_timebase_tim.c ****         HAL_NVIC_SetPriority(TIM7_DAC2_IRQn, TickPriority, 0U);
 100:Src/stm32f3xx_hal_timebase_tim.c ****         uwTickPrio = TickPriority;
 101:Src/stm32f3xx_hal_timebase_tim.c ****       }
 102:Src/stm32f3xx_hal_timebase_tim.c ****       else
 103:Src/stm32f3xx_hal_timebase_tim.c ****       {
 104:Src/stm32f3xx_hal_timebase_tim.c ****         status = HAL_ERROR;
 105:Src/stm32f3xx_hal_timebase_tim.c ****       }
 106:Src/stm32f3xx_hal_timebase_tim.c ****     }
 107:Src/stm32f3xx_hal_timebase_tim.c ****   }
 108:Src/stm32f3xx_hal_timebase_tim.c **** 
 109:Src/stm32f3xx_hal_timebase_tim.c ****  /* Return function status */
 110:Src/stm32f3xx_hal_timebase_tim.c ****   return status;
 143              		.loc 1 110 3 is_stmt 1 view .LVU49
 111:Src/stm32f3xx_hal_timebase_tim.c **** }
 144              		.loc 1 111 1 is_stmt 0 view .LVU50
 145 0056 3046     		mov	r0, r6
 146 0058 08B0     		add	sp, sp, #32
 147              	.LCFI2:
 148              		.cfi_remember_state
 149              		.cfi_def_cfa_offset 16
 150              		@ sp needed
 151 005a 70BD     		pop	{r4, r5, r6, pc}
 152              	.LVL8:
 153              	.L2:
 154              	.LCFI3:
 155              		.cfi_restore_state
  65:Src/stm32f3xx_hal_timebase_tim.c ****   }
ARM GAS  /var/folders/b1/22c950295gx2kqj80tvj8wqc0000gn/T//ccyMC1OO.s 			page 6


 156              		.loc 1 65 5 is_stmt 1 view .LVU51
  65:Src/stm32f3xx_hal_timebase_tim.c ****   }
 157              		.loc 1 65 24 is_stmt 0 view .LVU52
 158 005c FFF7FEFF 		bl	HAL_RCC_GetPCLK1Freq
 159              	.LVL9:
  65:Src/stm32f3xx_hal_timebase_tim.c ****   }
 160              		.loc 1 65 16 view .LVU53
 161 0060 4300     		lsls	r3, r0, #1
 162              	.LVL10:
  65:Src/stm32f3xx_hal_timebase_tim.c ****   }
 163              		.loc 1 65 16 view .LVU54
 164 0062 E3E7     		b	.L3
 165              	.LVL11:
 166              	.L8:
  90:Src/stm32f3xx_hal_timebase_tim.c ****     if (status == HAL_OK)
 167              		.loc 1 90 5 is_stmt 1 view .LVU55
  90:Src/stm32f3xx_hal_timebase_tim.c ****     if (status == HAL_OK)
 168              		.loc 1 90 14 is_stmt 0 view .LVU56
 169 0064 2046     		mov	r0, r4
 170              	.LVL12:
  90:Src/stm32f3xx_hal_timebase_tim.c ****     if (status == HAL_OK)
 171              		.loc 1 90 14 view .LVU57
 172 0066 FFF7FEFF 		bl	HAL_TIM_Base_Start_IT
 173              	.LVL13:
  91:Src/stm32f3xx_hal_timebase_tim.c ****     {
 174              		.loc 1 91 5 is_stmt 1 view .LVU58
  91:Src/stm32f3xx_hal_timebase_tim.c ****     {
 175              		.loc 1 91 8 is_stmt 0 view .LVU59
 176 006a 0646     		mov	r6, r0
 177 006c 0028     		cmp	r0, #0
 178 006e F2D1     		bne	.L4
  94:Src/stm32f3xx_hal_timebase_tim.c ****       /* Configure the SysTick IRQ priority */
 179              		.loc 1 94 9 is_stmt 1 view .LVU60
 180 0070 3720     		movs	r0, #55
 181              	.LVL14:
  94:Src/stm32f3xx_hal_timebase_tim.c ****       /* Configure the SysTick IRQ priority */
 182              		.loc 1 94 9 is_stmt 0 view .LVU61
 183 0072 FFF7FEFF 		bl	HAL_NVIC_EnableIRQ
 184              	.LVL15:
  96:Src/stm32f3xx_hal_timebase_tim.c ****       {
 185              		.loc 1 96 7 is_stmt 1 view .LVU62
  96:Src/stm32f3xx_hal_timebase_tim.c ****       {
 186              		.loc 1 96 10 is_stmt 0 view .LVU63
 187 0076 0F2D     		cmp	r5, #15
 188 0078 01D9     		bls	.L9
 104:Src/stm32f3xx_hal_timebase_tim.c ****       }
 189              		.loc 1 104 16 view .LVU64
 190 007a 0126     		movs	r6, #1
 191 007c EBE7     		b	.L4
 192              	.L9:
  99:Src/stm32f3xx_hal_timebase_tim.c ****         uwTickPrio = TickPriority;
 193              		.loc 1 99 9 is_stmt 1 view .LVU65
 194 007e 3246     		mov	r2, r6
 195 0080 2946     		mov	r1, r5
 196 0082 3720     		movs	r0, #55
 197 0084 FFF7FEFF 		bl	HAL_NVIC_SetPriority
 198              	.LVL16:
ARM GAS  /var/folders/b1/22c950295gx2kqj80tvj8wqc0000gn/T//ccyMC1OO.s 			page 7


 100:Src/stm32f3xx_hal_timebase_tim.c ****       }
 199              		.loc 1 100 9 view .LVU66
 100:Src/stm32f3xx_hal_timebase_tim.c ****       }
 200              		.loc 1 100 20 is_stmt 0 view .LVU67
 201 0088 054B     		ldr	r3, .L10+16
 202 008a 1D60     		str	r5, [r3]
 203 008c E3E7     		b	.L4
 204              	.L11:
 205 008e 00BF     		.align	2
 206              	.L10:
 207 0090 00100240 		.word	1073876992
 208 0094 83DE1B43 		.word	1125899907
 209 0098 00000000 		.word	.LANCHOR0
 210 009c 00140040 		.word	1073746944
 211 00a0 00000000 		.word	uwTickPrio
 212              		.cfi_endproc
 213              	.LFE123:
 215              		.section	.text.HAL_SuspendTick,"ax",%progbits
 216              		.align	1
 217              		.p2align 2,,3
 218              		.global	HAL_SuspendTick
 219              		.syntax unified
 220              		.thumb
 221              		.thumb_func
 223              	HAL_SuspendTick:
 224              	.LFB124:
 112:Src/stm32f3xx_hal_timebase_tim.c **** 
 113:Src/stm32f3xx_hal_timebase_tim.c **** /**
 114:Src/stm32f3xx_hal_timebase_tim.c ****   * @brief  Suspend Tick increment.
 115:Src/stm32f3xx_hal_timebase_tim.c ****   * @note   Disable the tick increment by disabling TIM7 update interrupt.
 116:Src/stm32f3xx_hal_timebase_tim.c ****   * @param  None
 117:Src/stm32f3xx_hal_timebase_tim.c ****   * @retval None
 118:Src/stm32f3xx_hal_timebase_tim.c ****   */
 119:Src/stm32f3xx_hal_timebase_tim.c **** void HAL_SuspendTick(void)
 120:Src/stm32f3xx_hal_timebase_tim.c **** {
 225              		.loc 1 120 1 is_stmt 1 view -0
 226              		.cfi_startproc
 227              		@ args = 0, pretend = 0, frame = 0
 228              		@ frame_needed = 0, uses_anonymous_args = 0
 229              		@ link register save eliminated.
 121:Src/stm32f3xx_hal_timebase_tim.c ****   /* Disable TIM7 update Interrupt */
 122:Src/stm32f3xx_hal_timebase_tim.c ****   __HAL_TIM_DISABLE_IT(&htim7, TIM_IT_UPDATE);
 230              		.loc 1 122 3 view .LVU69
 231 0000 034B     		ldr	r3, .L13
 232 0002 1A68     		ldr	r2, [r3]
 233 0004 D368     		ldr	r3, [r2, #12]
 234 0006 23F00103 		bic	r3, r3, #1
 235 000a D360     		str	r3, [r2, #12]
 123:Src/stm32f3xx_hal_timebase_tim.c **** }
 236              		.loc 1 123 1 is_stmt 0 view .LVU70
 237 000c 7047     		bx	lr
 238              	.L14:
 239 000e 00BF     		.align	2
 240              	.L13:
 241 0010 00000000 		.word	.LANCHOR0
 242              		.cfi_endproc
 243              	.LFE124:
ARM GAS  /var/folders/b1/22c950295gx2kqj80tvj8wqc0000gn/T//ccyMC1OO.s 			page 8


 245              		.section	.text.HAL_ResumeTick,"ax",%progbits
 246              		.align	1
 247              		.p2align 2,,3
 248              		.global	HAL_ResumeTick
 249              		.syntax unified
 250              		.thumb
 251              		.thumb_func
 253              	HAL_ResumeTick:
 254              	.LFB125:
 124:Src/stm32f3xx_hal_timebase_tim.c **** 
 125:Src/stm32f3xx_hal_timebase_tim.c **** /**
 126:Src/stm32f3xx_hal_timebase_tim.c ****   * @brief  Resume Tick increment.
 127:Src/stm32f3xx_hal_timebase_tim.c ****   * @note   Enable the tick increment by Enabling TIM7 update interrupt.
 128:Src/stm32f3xx_hal_timebase_tim.c ****   * @param  None
 129:Src/stm32f3xx_hal_timebase_tim.c ****   * @retval None
 130:Src/stm32f3xx_hal_timebase_tim.c ****   */
 131:Src/stm32f3xx_hal_timebase_tim.c **** void HAL_ResumeTick(void)
 132:Src/stm32f3xx_hal_timebase_tim.c **** {
 255              		.loc 1 132 1 is_stmt 1 view -0
 256              		.cfi_startproc
 257              		@ args = 0, pretend = 0, frame = 0
 258              		@ frame_needed = 0, uses_anonymous_args = 0
 259              		@ link register save eliminated.
 133:Src/stm32f3xx_hal_timebase_tim.c ****   /* Enable TIM7 Update interrupt */
 134:Src/stm32f3xx_hal_timebase_tim.c ****   __HAL_TIM_ENABLE_IT(&htim7, TIM_IT_UPDATE);
 260              		.loc 1 134 3 view .LVU72
 261 0000 034B     		ldr	r3, .L16
 262 0002 1A68     		ldr	r2, [r3]
 263 0004 D368     		ldr	r3, [r2, #12]
 264 0006 43F00103 		orr	r3, r3, #1
 265 000a D360     		str	r3, [r2, #12]
 135:Src/stm32f3xx_hal_timebase_tim.c **** }
 266              		.loc 1 135 1 is_stmt 0 view .LVU73
 267 000c 7047     		bx	lr
 268              	.L17:
 269 000e 00BF     		.align	2
 270              	.L16:
 271 0010 00000000 		.word	.LANCHOR0
 272              		.cfi_endproc
 273              	.LFE125:
 275              		.global	htim7
 276              		.section	.bss.htim7,"aw",%nobits
 277              		.align	2
 278              		.set	.LANCHOR0,. + 0
 281              	htim7:
 282 0000 00000000 		.space	76
 282      00000000 
 282      00000000 
 282      00000000 
 282      00000000 
 283              		.text
 284              	.Letext0:
 285              		.file 2 "Drivers/CMSIS/Device/ST/STM32F3xx/Include/stm32f334x8.h"
 286              		.file 3 "/Applications/ArmGNUToolchain/11.3.rel1/arm-none-eabi/arm-none-eabi/include/machine/_defa
 287              		.file 4 "/Applications/ArmGNUToolchain/11.3.rel1/arm-none-eabi/arm-none-eabi/include/sys/_stdint.h
 288              		.file 5 "Drivers/STM32F3xx_HAL_Driver/Inc/stm32f3xx_hal_def.h"
 289              		.file 6 "Drivers/STM32F3xx_HAL_Driver/Inc/stm32f3xx_hal_rcc.h"
ARM GAS  /var/folders/b1/22c950295gx2kqj80tvj8wqc0000gn/T//ccyMC1OO.s 			page 9


 290              		.file 7 "Drivers/STM32F3xx_HAL_Driver/Inc/stm32f3xx_hal_dma.h"
 291              		.file 8 "Drivers/STM32F3xx_HAL_Driver/Inc/stm32f3xx_hal_tim.h"
 292              		.file 9 "Drivers/STM32F3xx_HAL_Driver/Inc/stm32f3xx_hal.h"
 293              		.file 10 "Drivers/STM32F3xx_HAL_Driver/Inc/stm32f3xx_hal_cortex.h"
ARM GAS  /var/folders/b1/22c950295gx2kqj80tvj8wqc0000gn/T//ccyMC1OO.s 			page 10


DEFINED SYMBOLS
                            *ABS*:0000000000000000 stm32f3xx_hal_timebase_tim.c
/var/folders/b1/22c950295gx2kqj80tvj8wqc0000gn/T//ccyMC1OO.s:20     .text.HAL_InitTick:0000000000000000 $t
/var/folders/b1/22c950295gx2kqj80tvj8wqc0000gn/T//ccyMC1OO.s:27     .text.HAL_InitTick:0000000000000000 HAL_InitTick
/var/folders/b1/22c950295gx2kqj80tvj8wqc0000gn/T//ccyMC1OO.s:207    .text.HAL_InitTick:0000000000000090 $d
/var/folders/b1/22c950295gx2kqj80tvj8wqc0000gn/T//ccyMC1OO.s:216    .text.HAL_SuspendTick:0000000000000000 $t
/var/folders/b1/22c950295gx2kqj80tvj8wqc0000gn/T//ccyMC1OO.s:223    .text.HAL_SuspendTick:0000000000000000 HAL_SuspendTick
/var/folders/b1/22c950295gx2kqj80tvj8wqc0000gn/T//ccyMC1OO.s:241    .text.HAL_SuspendTick:0000000000000010 $d
/var/folders/b1/22c950295gx2kqj80tvj8wqc0000gn/T//ccyMC1OO.s:246    .text.HAL_ResumeTick:0000000000000000 $t
/var/folders/b1/22c950295gx2kqj80tvj8wqc0000gn/T//ccyMC1OO.s:253    .text.HAL_ResumeTick:0000000000000000 HAL_ResumeTick
/var/folders/b1/22c950295gx2kqj80tvj8wqc0000gn/T//ccyMC1OO.s:271    .text.HAL_ResumeTick:0000000000000010 $d
/var/folders/b1/22c950295gx2kqj80tvj8wqc0000gn/T//ccyMC1OO.s:281    .bss.htim7:0000000000000000 htim7
/var/folders/b1/22c950295gx2kqj80tvj8wqc0000gn/T//ccyMC1OO.s:277    .bss.htim7:0000000000000000 $d

UNDEFINED SYMBOLS
HAL_RCC_GetClockConfig
HAL_RCC_GetPCLK1Freq
HAL_TIM_Base_Init
HAL_TIM_Base_Start_IT
HAL_NVIC_EnableIRQ
HAL_NVIC_SetPriority
uwTickPrio
